# JRE version: OpenJDK Runtime Environment (17.0.11) (build 17.0.11+0--11852314)
# Java VM: OpenJDK 64-Bit Server VM (17.0.11+0--11852314, mixed mode, tiered, compressed oops, compressed class ptrs, g1 gc, windows-amd64)
GC Precious Log:
 CPUs: 4 total, 4 available
 Memory: 8072M
 Large Page Support: Disabled
 NUMA Support: Disabled
 Compressed Oops: Enabled (32-bit)
 Heap Region Size: 1M
 Heap Min Capacity: 8M
 Heap Initial Capacity: 128M
 Heap Max Capacity: 2G
 Pre-touch: Disabled
 Parallel Workers: 4
 Concurrent Workers: 1
 Concurrent Refinement Workers: 4
 Periodic GC: Disabled
Heap:
 garbage-first heap   total 456704K, used 339626K [0x0000000080000000, 0x0000000100000000)
  region size 1024K, 90 young (92160K), 6 survivors (6144K)
 Metaspace       used 143823K, committed 145024K, reserved 1179648K
  class space    used 19305K, committed 19904K, reserved 1048576K
GC Heap History (20 events):
Event: 683.056 GC heap before
{Heap before GC invocations=80 (full 0):
 garbage-first heap   total 388096K, used 327026K [0x0000000080000000, 0x0000000100000000)
  region size 1024K, 127 young (130048K), 14 survivors (14336K)
 Metaspace       used 142985K, committed 144128K, reserved 1179648K
  class space    used 19243K, committed 19776K, reserved 1048576K
}
Event: 683.091 GC heap after
{Heap after GC invocations=81 (full 0):
 garbage-first heap   total 388096K, used 227508K [0x0000000080000000, 0x0000000100000000)
  region size 1024K, 15 young (15360K), 15 survivors (15360K)
 Metaspace       used 142985K, committed 144128K, reserved 1179648K
  class space    used 19243K, committed 19776K, reserved 1048576K
}
Event: 683.463 GC heap before
{Heap before GC invocations=81 (full 0):
 garbage-first heap   total 388096K, used 321716K [0x0000000080000000, 0x0000000100000000)
  region size 1024K, 108 young (110592K), 15 survivors (15360K)
 Metaspace       used 143026K, committed 144192K, reserved 1179648K
  class space    used 19244K, committed 19840K, reserved 1048576K
}
Event: 683.483 GC heap after
{Heap after GC invocations=82 (full 0):
 garbage-first heap   total 388096K, used 234994K [0x0000000080000000, 0x0000000100000000)
  region size 1024K, 8 young (8192K), 8 survivors (8192K)
 Metaspace       used 143026K, committed 144192K, reserved 1179648K
  class space    used 19244K, committed 19840K, reserved 1048576K
}
Event: 683.814 GC heap before
{Heap before GC invocations=82 (full 0):
 garbage-first heap   total 388096K, used 323058K [0x0000000080000000, 0x0000000100000000)
  region size 1024K, 95 young (97280K), 8 survivors (8192K)
 Metaspace       used 143034K, committed 144192K, reserved 1179648K
  class space    used 19244K, committed 19840K, reserved 1048576K
}
Event: 683.827 GC heap after
{Heap after GC invocations=83 (full 0):
 garbage-first heap   total 388096K, used 238451K [0x0000000080000000, 0x0000000100000000)
  region size 1024K, 6 young (6144K), 6 survivors (6144K)
 Metaspace       used 143034K, committed 144192K, reserved 1179648K
  class space    used 19244K, committed 19840K, reserved 1048576K
}
Event: 684.115 GC heap before
{Heap before GC invocations=83 (full 0):
 garbage-first heap   total 388096K, used 326515K [0x0000000080000000, 0x0000000100000000)
  region size 1024K, 92 young (94208K), 6 survivors (6144K)
 Metaspace       used 143035K, committed 144256K, reserved 1179648K
  class space    used 19244K, committed 19840K, reserved 1048576K
}
Event: 684.125 GC heap after
{Heap after GC invocations=84 (full 0):
 garbage-first heap   total 388096K, used 240193K [0x0000000080000000, 0x0000000100000000)
  region size 1024K, 8 young (8192K), 8 survivors (8192K)
 Metaspace       used 143035K, committed 144256K, reserved 1179648K
  class space    used 19244K, committed 19840K, reserved 1048576K
}
Event: 684.415 GC heap before
{Heap before GC invocations=84 (full 0):
 garbage-first heap   total 388096K, used 327233K [0x0000000080000000, 0x0000000100000000)
  region size 1024K, 94 young (96256K), 8 survivors (8192K)
 Metaspace       used 143049K, committed 144256K, reserved 1179648K
  class space    used 19244K, committed 19840K, reserved 1048576K
}
Event: 684.426 GC heap after
{Heap after GC invocations=85 (full 0):
 garbage-first heap   total 456704K, used 242044K [0x0000000080000000, 0x0000000100000000)
  region size 1024K, 6 young (6144K), 6 survivors (6144K)
 Metaspace       used 143049K, committed 144256K, reserved 1179648K
  class space    used 19244K, committed 19840K, reserved 1048576K
}
Event: 684.966 GC heap before
{Heap before GC invocations=85 (full 0):
 garbage-first heap   total 456704K, used 386428K [0x0000000080000000, 0x0000000100000000)
  region size 1024K, 147 young (150528K), 6 survivors (6144K)
 Metaspace       used 143053K, committed 144256K, reserved 1179648K
  class space    used 19244K, committed 19840K, reserved 1048576K
}
Event: 684.979 GC heap after
{Heap after GC invocations=86 (full 0):
 garbage-first heap   total 456704K, used 248542K [0x0000000080000000, 0x0000000100000000)
  region size 1024K, 12 young (12288K), 12 survivors (12288K)
 Metaspace       used 143053K, committed 144256K, reserved 1179648K
  class space    used 19244K, committed 19840K, reserved 1048576K
}
Event: 685.534 GC heap before
{Heap before GC invocations=86 (full 0):
 garbage-first heap   total 456704K, used 386782K [0x0000000080000000, 0x0000000100000000)
  region size 1024K, 148 young (151552K), 12 survivors (12288K)
 Metaspace       used 143075K, committed 144256K, reserved 1179648K
  class space    used 19244K, committed 19840K, reserved 1048576K
}
Event: 685.550 GC heap after
{Heap after GC invocations=87 (full 0):
 garbage-first heap   total 456704K, used 254645K [0x0000000080000000, 0x0000000100000000)
  region size 1024K, 16 young (16384K), 16 survivors (16384K)
 Metaspace       used 143075K, committed 144256K, reserved 1179648K
  class space    used 19244K, committed 19840K, reserved 1048576K
}
Event: 686.053 GC heap before
{Heap before GC invocations=87 (full 0):
 garbage-first heap   total 456704K, used 386741K [0x0000000080000000, 0x0000000100000000)
  region size 1024K, 145 young (148480K), 16 survivors (16384K)
 Metaspace       used 143363K, committed 144576K, reserved 1179648K
  class space    used 19286K, committed 19840K, reserved 1048576K
}
Event: 686.067 GC heap after
{Heap after GC invocations=88 (full 0):
 garbage-first heap   total 456704K, used 254202K [0x0000000080000000, 0x0000000100000000)
  region size 1024K, 7 young (7168K), 7 survivors (7168K)
 Metaspace       used 143363K, committed 144576K, reserved 1179648K
  class space    used 19286K, committed 19840K, reserved 1048576K
}
Event: 687.556 GC heap before
{Heap before GC invocations=88 (full 0):
 garbage-first heap   total 456704K, used 389370K [0x0000000080000000, 0x0000000100000000)
  region size 1024K, 140 young (143360K), 7 survivors (7168K)
 Metaspace       used 143442K, committed 144640K, reserved 1179648K
  class space    used 19295K, committed 19840K, reserved 1048576K
}
Event: 687.571 GC heap after
{Heap after GC invocations=89 (full 0):
 garbage-first heap   total 456704K, used 258145K [0x0000000080000000, 0x0000000100000000)
  region size 1024K, 11 young (11264K), 11 survivors (11264K)
 Metaspace       used 143442K, committed 144640K, reserved 1179648K
  class space    used 19295K, committed 19840K, reserved 1048576K
}
Event: 843.544 GC heap before
{Heap before GC invocations=89 (full 0):
 garbage-first heap   total 456704K, used 419937K [0x0000000080000000, 0x0000000100000000)
  region size 1024K, 140 young (143360K), 11 survivors (11264K)
 Metaspace       used 143623K, committed 144832K, reserved 1179648K
  class space    used 19301K, committed 19904K, reserved 1048576K
}
Event: 843.559 GC heap after
{Heap after GC invocations=90 (full 0):
 garbage-first heap   total 456704K, used 255658K [0x0000000080000000, 0x0000000100000000)
  region size 1024K, 6 young (6144K), 6 survivors (6144K)
 Metaspace       used 143623K, committed 144832K, reserved 1179648K
  class space    used 19301K, committed 19904K, reserved 1048576K
}

