# JRE version: OpenJDK Runtime Environment (17.0.11) (build 17.0.11+0--11852314)
# Java VM: OpenJDK 64-Bit Server VM (17.0.11+0--11852314, mixed mode, tiered, compressed oops, compressed class ptrs, g1 gc, windows-amd64)
GC Precious Log:
 CPUs: 4 total, 4 available
 Memory: 8072M
 Large Page Support: Disabled
 NUMA Support: Disabled
 Compressed Oops: Enabled (32-bit)
 Heap Region Size: 1M
 Heap Min Capacity: 8M
 Heap Initial Capacity: 128M
 Heap Max Capacity: 2G
 Pre-touch: Disabled
 Parallel Workers: 4
 Concurrent Workers: 1
 Concurrent Refinement Workers: 4
 Periodic GC: Disabled
Heap:
 garbage-first heap   total 121856K, used 68137K [0x0000000080000000, 0x0000000100000000)
  region size 1024K, 5 young (5120K), 5 survivors (5120K)
 Metaspace       used 68965K, committed 69504K, reserved 1114112K
  class space    used 9292K, committed 9536K, reserved 1048576K
GC Heap History (20 events):
Event: 7.563 GC heap after
{Heap after GC invocations=12 (full 0):
 garbage-first heap   total 68608K, used 27855K [0x0000000080000000, 0x0000000100000000)
  region size 1024K, 4 young (4096K), 4 survivors (4096K)
 Metaspace       used 41286K, committed 41600K, reserved 1114112K
  class space    used 5474K, committed 5632K, reserved 1048576K
}
Event: 7.954 GC heap before
{Heap before GC invocations=12 (full 0):
 garbage-first heap   total 68608K, used 53455K [0x0000000080000000, 0x0000000100000000)
  region size 1024K, 29 young (29696K), 4 survivors (4096K)
 Metaspace       used 42391K, committed 42816K, reserved 1114112K
  class space    used 5650K, committed 5824K, reserved 1048576K
}
Event: 7.962 GC heap after
{Heap after GC invocations=13 (full 0):
 garbage-first heap   total 109568K, used 29053K [0x0000000080000000, 0x0000000100000000)
  region size 1024K, 2 young (2048K), 2 survivors (2048K)
 Metaspace       used 42391K, committed 42816K, reserved 1114112K
  class space    used 5650K, committed 5824K, reserved 1048576K
}
Event: 9.175 GC heap before
{Heap before GC invocations=13 (full 0):
 garbage-first heap   total 109568K, used 82301K [0x0000000080000000, 0x0000000100000000)
  region size 1024K, 54 young (55296K), 2 survivors (2048K)
 Metaspace       used 49064K, committed 49536K, reserved 1114112K
  class space    used 6744K, committed 6976K, reserved 1048576K
}
Event: 9.182 GC heap after
{Heap after GC invocations=14 (full 0):
 garbage-first heap   total 109568K, used 32213K [0x0000000080000000, 0x0000000100000000)
  region size 1024K, 5 young (5120K), 5 survivors (5120K)
 Metaspace       used 49064K, committed 49536K, reserved 1114112K
  class space    used 6744K, committed 6976K, reserved 1048576K
}
Event: 11.068 GC heap before
{Heap before GC invocations=14 (full 0):
 garbage-first heap   total 109568K, used 85461K [0x0000000080000000, 0x0000000100000000)
  region size 1024K, 55 young (56320K), 5 survivors (5120K)
 Metaspace       used 55508K, committed 56064K, reserved 1114112K
  class space    used 7648K, committed 7936K, reserved 1048576K
}
Event: 11.082 GC heap after
{Heap after GC invocations=15 (full 0):
 garbage-first heap   total 109568K, used 35203K [0x0000000080000000, 0x0000000100000000)
  region size 1024K, 7 young (7168K), 7 survivors (7168K)
 Metaspace       used 55508K, committed 56064K, reserved 1114112K
  class space    used 7648K, committed 7936K, reserved 1048576K
}
Event: 12.416 GC heap before
{Heap before GC invocations=15 (full 0):
 garbage-first heap   total 109568K, used 83331K [0x0000000080000000, 0x0000000100000000)
  region size 1024K, 55 young (56320K), 7 survivors (7168K)
 Metaspace       used 56793K, committed 57280K, reserved 1114112K
  class space    used 7757K, committed 8000K, reserved 1048576K
}
Event: 12.431 GC heap after
{Heap after GC invocations=16 (full 0):
 garbage-first heap   total 109568K, used 39506K [0x0000000080000000, 0x0000000100000000)
  region size 1024K, 7 young (7168K), 7 survivors (7168K)
 Metaspace       used 56793K, committed 57280K, reserved 1114112K
  class space    used 7757K, committed 8000K, reserved 1048576K
}
Event: 13.506 GC heap before
{Heap before GC invocations=16 (full 0):
 garbage-first heap   total 109568K, used 94802K [0x0000000080000000, 0x0000000100000000)
  region size 1024K, 48 young (49152K), 7 survivors (7168K)
 Metaspace       used 58677K, committed 59264K, reserved 1114112K
  class space    used 8027K, committed 8256K, reserved 1048576K
}
Event: 13.522 GC heap after
{Heap after GC invocations=17 (full 0):
 garbage-first heap   total 112640K, used 61712K [0x0000000080000000, 0x0000000100000000)
  region size 1024K, 7 young (7168K), 7 survivors (7168K)
 Metaspace       used 58677K, committed 59264K, reserved 1114112K
  class space    used 8027K, committed 8256K, reserved 1048576K
}
Event: 13.533 GC heap before
{Heap before GC invocations=17 (full 0):
 garbage-first heap   total 112640K, used 61712K [0x0000000080000000, 0x0000000100000000)
  region size 1024K, 8 young (8192K), 7 survivors (7168K)
 Metaspace       used 58735K, committed 59328K, reserved 1114112K
  class space    used 8029K, committed 8320K, reserved 1048576K
}
Event: 13.538 GC heap after
{Heap after GC invocations=18 (full 0):
 garbage-first heap   total 112640K, used 63811K [0x0000000080000000, 0x0000000100000000)
  region size 1024K, 1 young (1024K), 1 survivors (1024K)
 Metaspace       used 58735K, committed 59328K, reserved 1114112K
  class space    used 8029K, committed 8320K, reserved 1048576K
}
Event: 14.080 GC heap before
{Heap before GC invocations=19 (full 0):
 garbage-first heap   total 117760K, used 90435K [0x0000000080000000, 0x0000000100000000)
  region size 1024K, 27 young (27648K), 1 survivors (1024K)
 Metaspace       used 60776K, committed 61376K, reserved 1114112K
  class space    used 8325K, committed 8640K, reserved 1048576K
}
Event: 14.083 GC heap after
{Heap after GC invocations=20 (full 0):
 garbage-first heap   total 117760K, used 64762K [0x0000000080000000, 0x0000000100000000)
  region size 1024K, 1 young (1024K), 1 survivors (1024K)
 Metaspace       used 60776K, committed 61376K, reserved 1114112K
  class space    used 8325K, committed 8640K, reserved 1048576K
}
Event: 14.612 GC heap before
{Heap before GC invocations=20 (full 0):
 garbage-first heap   total 117760K, used 94458K [0x0000000080000000, 0x0000000100000000)
  region size 1024K, 30 young (30720K), 1 survivors (1024K)
 Metaspace       used 63953K, committed 64512K, reserved 1114112K
  class space    used 8641K, committed 8896K, reserved 1048576K
}
Event: 14.616 GC heap after
{Heap after GC invocations=21 (full 0):
 garbage-first heap   total 117760K, used 65316K [0x0000000080000000, 0x0000000100000000)
  region size 1024K, 2 young (2048K), 2 survivors (2048K)
 Metaspace       used 63953K, committed 64512K, reserved 1114112K
  class space    used 8641K, committed 8896K, reserved 1048576K
}
Event: 15.195 GC heap before
{Heap before GC invocations=22 (full 0):
 garbage-first heap   total 121856K, used 96036K [0x0000000080000000, 0x0000000100000000)
  region size 1024K, 32 young (32768K), 2 survivors (2048K)
 Metaspace       used 67177K, committed 67776K, reserved 1114112K
  class space    used 9084K, committed 9344K, reserved 1048576K
}
Event: 15.200 GC heap after
{Heap after GC invocations=23 (full 0):
 garbage-first heap   total 121856K, used 66369K [0x0000000080000000, 0x0000000100000000)
  region size 1024K, 3 young (3072K), 3 survivors (3072K)
 Metaspace       used 67177K, committed 67776K, reserved 1114112K
  class space    used 9084K, committed 9344K, reserved 1048576K
}
Event: 15.481 GC heap before
{Heap before GC invocations=23 (full 0):
 garbage-first heap   total 121856K, used 76609K [0x0000000080000000, 0x0000000100000000)
  region size 1024K, 14 young (14336K), 3 survivors (3072K)
 Metaspace       used 68965K, committed 69504K, reserved 1114112K
  class space    used 9292K, committed 9536K, reserved 1048576K
}

