# JRE version: OpenJDK Runtime Environment (17.0.11) (build 17.0.11+0--11852314)
# Java VM: OpenJDK 64-Bit Server VM (17.0.11+0--11852314, mixed mode, tiered, compressed oops, compressed class ptrs, g1 gc, windows-amd64)
GC Precious Log:
 CPUs: 4 total, 4 available
 Memory: 8072M
 Large Page Support: Disabled
 NUMA Support: Disabled
 Compressed Oops: Enabled (32-bit)
 Heap Region Size: 1M
 Heap Min Capacity: 8M
 Heap Initial Capacity: 128M
 Heap Max Capacity: 2G
 Pre-touch: Disabled
 Parallel Workers: 4
 Concurrent Workers: 1
 Concurrent Refinement Workers: 4
 Periodic GC: Disabled
Heap:
 garbage-first heap   total 380928K, used 304488K [0x0000000080000000, 0x0000000100000000)
  region size 1024K, 1 young (1024K), 1 survivors (1024K)
 Metaspace       used 145316K, committed 147072K, reserved 1179648K
  class space    used 19511K, committed 20352K, reserved 1048576K
GC Heap History (20 events):
Event: 1853.629 GC heap after
{Heap after GC invocations=93 (full 0):
 garbage-first heap   total 380928K, used 284802K [0x0000000080000000, 0x0000000100000000)
  region size 1024K, 4 young (4096K), 4 survivors (4096K)
 Metaspace       used 145130K, committed 146880K, reserved 1179648K
  class space    used 19508K, committed 20352K, reserved 1048576K
}
Event: 1853.916 GC heap before
{Heap before GC invocations=93 (full 0):
 garbage-first heap   total 380928K, used 321666K [0x0000000080000000, 0x0000000100000000)
  region size 1024K, 21 young (21504K), 4 survivors (4096K)
 Metaspace       used 145150K, committed 146944K, reserved 1179648K
  class space    used 19509K, committed 20352K, reserved 1048576K
}
Event: 1853.919 GC heap after
{Heap after GC invocations=94 (full 0):
 garbage-first heap   total 380928K, used 288155K [0x0000000080000000, 0x0000000100000000)
  region size 1024K, 1 young (1024K), 1 survivors (1024K)
 Metaspace       used 145150K, committed 146944K, reserved 1179648K
  class space    used 19509K, committed 20352K, reserved 1048576K
}
Event: 2189.562 GC heap before
{Heap before GC invocations=94 (full 0):
 garbage-first heap   total 380928K, used 340379K [0x0000000080000000, 0x0000000100000000)
  region size 1024K, 46 young (47104K), 1 survivors (1024K)
 Metaspace       used 145188K, committed 146944K, reserved 1179648K
  class space    used 19509K, committed 20352K, reserved 1048576K
}
Event: 2189.570 GC heap after
{Heap after GC invocations=95 (full 0):
 garbage-first heap   total 380928K, used 284862K [0x0000000080000000, 0x0000000100000000)
  region size 1024K, 4 young (4096K), 4 survivors (4096K)
 Metaspace       used 145188K, committed 146944K, reserved 1179648K
  class space    used 19509K, committed 20352K, reserved 1048576K
}
Event: 2191.796 GC heap before
{Heap before GC invocations=95 (full 0):
 garbage-first heap   total 380928K, used 332990K [0x0000000080000000, 0x0000000100000000)
  region size 1024K, 51 young (52224K), 4 survivors (4096K)
 Metaspace       used 145243K, committed 147008K, reserved 1179648K
  class space    used 19509K, committed 20352K, reserved 1048576K
}
Event: 2191.817 GC heap after
{Heap after GC invocations=96 (full 0):
 garbage-first heap   total 380928K, used 291775K [0x0000000080000000, 0x0000000100000000)
  region size 1024K, 7 young (7168K), 7 survivors (7168K)
 Metaspace       used 145243K, committed 147008K, reserved 1179648K
  class space    used 19509K, committed 20352K, reserved 1048576K
}
Event: 2193.047 GC heap before
{Heap before GC invocations=96 (full 0):
 garbage-first heap   total 380928K, used 329663K [0x0000000080000000, 0x0000000100000000)
  region size 1024K, 45 young (46080K), 7 survivors (7168K)
 Metaspace       used 145302K, committed 147072K, reserved 1179648K
  class space    used 19511K, committed 20352K, reserved 1048576K
}
Event: 2193.070 GC heap after
{Heap after GC invocations=97 (full 0):
 garbage-first heap   total 380928K, used 295479K [0x0000000080000000, 0x0000000100000000)
  region size 1024K, 4 young (4096K), 4 survivors (4096K)
 Metaspace       used 145302K, committed 147072K, reserved 1179648K
  class space    used 19511K, committed 20352K, reserved 1048576K
}
Event: 2213.767 GC heap before
{Heap before GC invocations=97 (full 0):
 garbage-first heap   total 380928K, used 329271K [0x0000000080000000, 0x0000000100000000)
  region size 1024K, 38 young (38912K), 4 survivors (4096K)
 Metaspace       used 145311K, committed 147072K, reserved 1179648K
  class space    used 19511K, committed 20352K, reserved 1048576K
}
Event: 2213.777 GC heap after
{Heap after GC invocations=98 (full 0):
 garbage-first heap   total 380928K, used 300032K [0x0000000080000000, 0x0000000100000000)
  region size 1024K, 5 young (5120K), 5 survivors (5120K)
 Metaspace       used 145311K, committed 147072K, reserved 1179648K
  class space    used 19511K, committed 20352K, reserved 1048576K
}
Event: 2213.859 GC heap before
{Heap before GC invocations=98 (full 0):
 garbage-first heap   total 380928K, used 330752K [0x0000000080000000, 0x0000000100000000)
  region size 1024K, 35 young (35840K), 5 survivors (5120K)
 Metaspace       used 145313K, committed 147072K, reserved 1179648K
  class space    used 19511K, committed 20352K, reserved 1048576K
}
Event: 2213.870 GC heap after
{Heap after GC invocations=99 (full 0):
 garbage-first heap   total 380928K, used 304354K [0x0000000080000000, 0x0000000100000000)
  region size 1024K, 5 young (5120K), 5 survivors (5120K)
 Metaspace       used 145313K, committed 147072K, reserved 1179648K
  class space    used 19511K, committed 20352K, reserved 1048576K
}
Event: 2213.929 GC heap before
{Heap before GC invocations=99 (full 0):
 garbage-first heap   total 380928K, used 329954K [0x0000000080000000, 0x0000000100000000)
  region size 1024K, 31 young (31744K), 5 survivors (5120K)
 Metaspace       used 145314K, committed 147072K, reserved 1179648K
  class space    used 19511K, committed 20352K, reserved 1048576K
}
Event: 2213.940 GC heap after
{Heap after GC invocations=100 (full 0):
 garbage-first heap   total 380928K, used 304786K [0x0000000080000000, 0x0000000100000000)
  region size 1024K, 1 young (1024K), 1 survivors (1024K)
 Metaspace       used 145314K, committed 147072K, reserved 1179648K
  class space    used 19511K, committed 20352K, reserved 1048576K
}
Event: 2213.999 GC heap before
{Heap before GC invocations=100 (full 0):
 garbage-first heap   total 380928K, used 332434K [0x0000000080000000, 0x0000000100000000)
  region size 1024K, 28 young (28672K), 1 survivors (1024K)
 Metaspace       used 145316K, committed 147072K, reserved 1179648K
  class space    used 19511K, committed 20352K, reserved 1048576K
}
Event: 2214.001 GC heap after
{Heap after GC invocations=101 (full 0):
 garbage-first heap   total 380928K, used 304346K [0x0000000080000000, 0x0000000100000000)
  region size 1024K, 1 young (1024K), 1 survivors (1024K)
 Metaspace       used 145316K, committed 147072K, reserved 1179648K
  class space    used 19511K, committed 20352K, reserved 1048576K
}
Event: 2214.060 GC heap before
{Heap before GC invocations=101 (full 0):
 garbage-first heap   total 380928K, used 333018K [0x0000000080000000, 0x0000000100000000)
  region size 1024K, 29 young (29696K), 1 survivors (1024K)
 Metaspace       used 145316K, committed 147072K, reserved 1179648K
  class space    used 19511K, committed 20352K, reserved 1048576K
}
Event: 2214.062 GC heap after
{Heap after GC invocations=102 (full 0):
 garbage-first heap   total 380928K, used 304451K [0x0000000080000000, 0x0000000100000000)
  region size 1024K, 1 young (1024K), 1 survivors (1024K)
 Metaspace       used 145316K, committed 147072K, reserved 1179648K
  class space    used 19511K, committed 20352K, reserved 1048576K
}
Event: 2214.130 GC heap before
{Heap before GC invocations=102 (full 0):
 garbage-first heap   total 380928K, used 335171K [0x0000000080000000, 0x0000000100000000)
  region size 1024K, 31 young (31744K), 1 survivors (1024K)
 Metaspace       used 145316K, committed 147072K, reserved 1179648K
  class space    used 19511K, committed 20352K, reserved 1048576K
}

