# JRE version: OpenJDK Runtime Environment (17.0.11) (build 17.0.11+0--11852314)
# Java VM: OpenJDK 64-Bit Server VM (17.0.11+0--11852314, mixed mode, tiered, compressed oops, compressed class ptrs, g1 gc, windows-amd64)
GC Precious Log:
 CPUs: 4 total, 4 available
 Memory: 8072M
 Large Page Support: Disabled
 NUMA Support: Disabled
 Compressed Oops: Enabled (32-bit)
 Heap Region Size: 1M
 Heap Min Capacity: 8M
 Heap Initial Capacity: 128M
 Heap Max Capacity: 2G
 Pre-touch: Disabled
 Parallel Workers: 4
 Concurrent Workers: 1
 Concurrent Refinement Workers: 4
 Periodic GC: Disabled
Heap:
 garbage-first heap   total 361472K, used 303428K [0x0000000080000000, 0x0000000100000000)
  region size 1024K, 70 young (71680K), 1 survivors (1024K)
 Metaspace       used 147564K, committed 148800K, reserved 1179648K
  class space    used 19753K, committed 20352K, reserved 1048576K
GC Heap History (20 events):
Event: 1109.768 GC heap before
{Heap before GC invocations=89 (full 0):
 garbage-first heap   total 361472K, used 306601K [0x0000000080000000, 0x0000000100000000)
  region size 1024K, 83 young (84992K), 1 survivors (1024K)
 Metaspace       used 146955K, committed 148224K, reserved 1179648K
  class space    used 19702K, committed 20352K, reserved 1048576K
}
Event: 1109.773 GC heap after
{Heap after GC invocations=90 (full 0):
 garbage-first heap   total 361472K, used 223081K [0x0000000080000000, 0x0000000100000000)
  region size 1024K, 1 young (1024K), 1 survivors (1024K)
 Metaspace       used 146955K, committed 148224K, reserved 1179648K
  class space    used 19702K, committed 20352K, reserved 1048576K
}
Event: 1110.306 GC heap before
{Heap before GC invocations=90 (full 0):
 garbage-first heap   total 361472K, used 310121K [0x0000000080000000, 0x0000000100000000)
  region size 1024K, 86 young (88064K), 1 survivors (1024K)
 Metaspace       used 146961K, committed 148224K, reserved 1179648K
  class space    used 19702K, committed 20352K, reserved 1048576K
}
Event: 1110.312 GC heap after
{Heap after GC invocations=91 (full 0):
 garbage-first heap   total 361472K, used 224137K [0x0000000080000000, 0x0000000100000000)
  region size 1024K, 2 young (2048K), 2 survivors (2048K)
 Metaspace       used 146961K, committed 148224K, reserved 1179648K
  class space    used 19702K, committed 20352K, reserved 1048576K
}
Event: 1110.892 GC heap before
{Heap before GC invocations=91 (full 0):
 garbage-first heap   total 361472K, used 312201K [0x0000000080000000, 0x0000000100000000)
  region size 1024K, 88 young (90112K), 2 survivors (2048K)
 Metaspace       used 146977K, committed 148288K, reserved 1179648K
  class space    used 19707K, committed 20352K, reserved 1048576K
}
Event: 1110.897 GC heap after
{Heap after GC invocations=92 (full 0):
 garbage-first heap   total 361472K, used 223889K [0x0000000080000000, 0x0000000100000000)
  region size 1024K, 2 young (2048K), 2 survivors (2048K)
 Metaspace       used 146977K, committed 148288K, reserved 1179648K
  class space    used 19707K, committed 20352K, reserved 1048576K
}
Event: 1111.607 GC heap before
{Heap before GC invocations=92 (full 0):
 garbage-first heap   total 361472K, used 314001K [0x0000000080000000, 0x0000000100000000)
  region size 1024K, 90 young (92160K), 2 survivors (2048K)
 Metaspace       used 146977K, committed 148288K, reserved 1179648K
  class space    used 19707K, committed 20352K, reserved 1048576K
}
Event: 1111.618 GC heap after
{Heap after GC invocations=93 (full 0):
 garbage-first heap   total 361472K, used 226161K [0x0000000080000000, 0x0000000100000000)
  region size 1024K, 4 young (4096K), 4 survivors (4096K)
 Metaspace       used 146977K, committed 148288K, reserved 1179648K
  class space    used 19707K, committed 20352K, reserved 1048576K
}
Event: 1112.201 GC heap before
{Heap before GC invocations=93 (full 0):
 garbage-first heap   total 361472K, used 314225K [0x0000000080000000, 0x0000000100000000)
  region size 1024K, 90 young (92160K), 4 survivors (4096K)
 Metaspace       used 146990K, committed 148288K, reserved 1179648K
  class space    used 19710K, committed 20352K, reserved 1048576K
}
Event: 1112.208 GC heap after
{Heap after GC invocations=94 (full 0):
 garbage-first heap   total 361472K, used 225360K [0x0000000080000000, 0x0000000100000000)
  region size 1024K, 4 young (4096K), 4 survivors (4096K)
 Metaspace       used 146990K, committed 148288K, reserved 1179648K
  class space    used 19710K, committed 20352K, reserved 1048576K
}
Event: 1112.894 GC heap before
{Heap before GC invocations=94 (full 0):
 garbage-first heap   total 361472K, used 314448K [0x0000000080000000, 0x0000000100000000)
  region size 1024K, 91 young (93184K), 4 survivors (4096K)
 Metaspace       used 147055K, committed 148352K, reserved 1179648K
  class space    used 19725K, committed 20352K, reserved 1048576K
}
Event: 1112.906 GC heap after
{Heap after GC invocations=95 (full 0):
 garbage-first heap   total 361472K, used 227244K [0x0000000080000000, 0x0000000100000000)
  region size 1024K, 5 young (5120K), 5 survivors (5120K)
 Metaspace       used 147055K, committed 148352K, reserved 1179648K
  class space    used 19725K, committed 20352K, reserved 1048576K
}
Event: 1113.492 GC heap before
{Heap before GC invocations=95 (full 0):
 garbage-first heap   total 361472K, used 314284K [0x0000000080000000, 0x0000000100000000)
  region size 1024K, 90 young (92160K), 5 survivors (5120K)
 Metaspace       used 147056K, committed 148352K, reserved 1179648K
  class space    used 19725K, committed 20352K, reserved 1048576K
}
Event: 1113.502 GC heap after
{Heap after GC invocations=96 (full 0):
 garbage-first heap   total 361472K, used 225642K [0x0000000080000000, 0x0000000100000000)
  region size 1024K, 4 young (4096K), 4 survivors (4096K)
 Metaspace       used 147056K, committed 148352K, reserved 1179648K
  class space    used 19725K, committed 20352K, reserved 1048576K
}
Event: 1114.220 GC heap before
{Heap before GC invocations=96 (full 0):
 garbage-first heap   total 361472K, used 313706K [0x0000000080000000, 0x0000000100000000)
  region size 1024K, 91 young (93184K), 4 survivors (4096K)
 Metaspace       used 147188K, committed 148416K, reserved 1179648K
  class space    used 19738K, committed 20352K, reserved 1048576K
}
Event: 1114.238 GC heap after
{Heap after GC invocations=97 (full 0):
 garbage-first heap   total 361472K, used 231194K [0x0000000080000000, 0x0000000100000000)
  region size 1024K, 9 young (9216K), 9 survivors (9216K)
 Metaspace       used 147188K, committed 148416K, reserved 1179648K
  class space    used 19738K, committed 20352K, reserved 1048576K
}
Event: 1114.814 GC heap before
{Heap before GC invocations=97 (full 0):
 garbage-first heap   total 361472K, used 310042K [0x0000000080000000, 0x0000000100000000)
  region size 1024K, 87 young (89088K), 9 survivors (9216K)
 Metaspace       used 147210K, committed 148480K, reserved 1179648K
  class space    used 19741K, committed 20352K, reserved 1048576K
}
Event: 1114.822 GC heap after
{Heap after GC invocations=98 (full 0):
 garbage-first heap   total 361472K, used 227797K [0x0000000080000000, 0x0000000100000000)
  region size 1024K, 4 young (4096K), 4 survivors (4096K)
 Metaspace       used 147210K, committed 148480K, reserved 1179648K
  class space    used 19741K, committed 20352K, reserved 1048576K
}
Event: 1119.712 GC heap before
{Heap before GC invocations=98 (full 0):
 garbage-first heap   total 361472K, used 337365K [0x0000000080000000, 0x0000000100000000)
  region size 1024K, 84 young (86016K), 4 survivors (4096K)
 Metaspace       used 147340K, committed 148544K, reserved 1179648K
  class space    used 19741K, committed 20352K, reserved 1048576K
}
Event: 1119.715 GC heap after
{Heap after GC invocations=99 (full 0):
 garbage-first heap   total 361472K, used 232772K [0x0000000080000000, 0x0000000100000000)
  region size 1024K, 1 young (1024K), 1 survivors (1024K)
 Metaspace       used 147340K, committed 148544K, reserved 1179648K
  class space    used 19741K, committed 20352K, reserved 1048576K
}

