# JRE version: OpenJDK Runtime Environment (17.0.11) (build 17.0.11+0--11852314)
# Java VM: OpenJDK 64-Bit Server VM (17.0.11+0--11852314, mixed mode, tiered, compressed oops, compressed class ptrs, g1 gc, windows-amd64)
GC Precious Log:
 CPUs: 4 total, 4 available
 Memory: 8072M
 Large Page Support: Disabled
 NUMA Support: Disabled
 Compressed Oops: Enabled (32-bit)
 Heap Region Size: 1M
 Heap Min Capacity: 8M
 Heap Initial Capacity: 128M
 Heap Max Capacity: 2G
 Pre-touch: Disabled
 Parallel Workers: 4
 Concurrent Workers: 1
 Concurrent Refinement Workers: 4
 Periodic GC: Disabled
Heap:
 garbage-first heap   total 497664K, used 159100K [0x0000000080000000, 0x0000000100000000)
  region size 1024K, 4 young (4096K), 4 survivors (4096K)
 Metaspace       used 143747K, committed 145152K, reserved 1179648K
  class space    used 19129K, committed 19776K, reserved 1048576K
GC Heap History (20 events):
Event: 2728.393 GC heap after
{Heap after GC invocations=77 (full 0):
 garbage-first heap   total 497664K, used 161429K [0x0000000080000000, 0x0000000100000000)
  region size 1024K, 2 young (2048K), 2 survivors (2048K)
 Metaspace       used 142193K, committed 143424K, reserved 1179648K
  class space    used 18985K, committed 19584K, reserved 1048576K
}
Event: 2730.479 GC heap before
{Heap before GC invocations=77 (full 0):
 garbage-first heap   total 497664K, used 358037K [0x0000000080000000, 0x0000000100000000)
  region size 1024K, 196 young (200704K), 2 survivors (2048K)
 Metaspace       used 142316K, committed 143488K, reserved 1179648K
  class space    used 18987K, committed 19584K, reserved 1048576K
}
Event: 2730.486 GC heap after
{Heap after GC invocations=78 (full 0):
 garbage-first heap   total 497664K, used 161174K [0x0000000080000000, 0x0000000100000000)
  region size 1024K, 2 young (2048K), 2 survivors (2048K)
 Metaspace       used 142316K, committed 143488K, reserved 1179648K
  class space    used 18987K, committed 19584K, reserved 1048576K
}
Event: 2918.533 GC heap before
{Heap before GC invocations=79 (full 0):
 garbage-first heap   total 497664K, used 436630K [0x0000000080000000, 0x0000000100000000)
  region size 1024K, 246 young (251904K), 2 survivors (2048K)
 Metaspace       used 143119K, committed 144512K, reserved 1179648K
  class space    used 19094K, committed 19776K, reserved 1048576K
}
Event: 2918.569 GC heap after
{Heap after GC invocations=80 (full 0):
 garbage-first heap   total 497664K, used 180237K [0x0000000080000000, 0x0000000100000000)
  region size 1024K, 22 young (22528K), 22 survivors (22528K)
 Metaspace       used 143119K, committed 144512K, reserved 1179648K
  class space    used 19094K, committed 19776K, reserved 1048576K
}
Event: 2918.581 GC heap before
{Heap before GC invocations=80 (full 0):
 garbage-first heap   total 497664K, used 182285K [0x0000000080000000, 0x0000000100000000)
  region size 1024K, 24 young (24576K), 22 survivors (22528K)
 Metaspace       used 143119K, committed 144512K, reserved 1179648K
  class space    used 19094K, committed 19776K, reserved 1048576K
}
Event: 2918.666 GC heap after
{Heap after GC invocations=81 (full 0):
 garbage-first heap   total 497664K, used 153847K [0x0000000080000000, 0x0000000100000000)
  region size 1024K, 2 young (2048K), 2 survivors (2048K)
 Metaspace       used 143119K, committed 144512K, reserved 1179648K
  class space    used 19094K, committed 19776K, reserved 1048576K
}
Event: 2919.371 GC heap before
{Heap before GC invocations=81 (full 0):
 garbage-first heap   total 497664K, used 237815K [0x0000000080000000, 0x0000000100000000)
  region size 1024K, 86 young (88064K), 2 survivors (2048K)
 Metaspace       used 143247K, committed 144704K, reserved 1179648K
  class space    used 19115K, committed 19776K, reserved 1048576K
}
Event: 2919.375 GC heap after
{Heap after GC invocations=82 (full 0):
 garbage-first heap   total 497664K, used 153335K [0x0000000080000000, 0x0000000100000000)
  region size 1024K, 1 young (1024K), 1 survivors (1024K)
 Metaspace       used 143247K, committed 144704K, reserved 1179648K
  class space    used 19115K, committed 19776K, reserved 1048576K
}
Event: 3100.964 GC heap before
{Heap before GC invocations=83 (full 0):
 garbage-first heap   total 497664K, used 425719K [0x0000000080000000, 0x0000000100000000)
  region size 1024K, 244 young (249856K), 1 survivors (1024K)
 Metaspace       used 143421K, committed 144832K, reserved 1179648K
  class space    used 19115K, committed 19776K, reserved 1048576K
}
Event: 3100.992 GC heap after
{Heap after GC invocations=84 (full 0):
 garbage-first heap   total 497664K, used 167776K [0x0000000080000000, 0x0000000100000000)
  region size 1024K, 20 young (20480K), 20 survivors (20480K)
 Metaspace       used 143421K, committed 144832K, reserved 1179648K
  class space    used 19115K, committed 19776K, reserved 1048576K
}
Event: 3101.004 GC heap before
{Heap before GC invocations=84 (full 0):
 garbage-first heap   total 497664K, used 171872K [0x0000000080000000, 0x0000000100000000)
  region size 1024K, 24 young (24576K), 20 survivors (20480K)
 Metaspace       used 143421K, committed 144832K, reserved 1179648K
  class space    used 19115K, committed 19776K, reserved 1048576K
}
Event: 3101.057 GC heap after
{Heap after GC invocations=85 (full 0):
 garbage-first heap   total 497664K, used 155551K [0x0000000080000000, 0x0000000100000000)
  region size 1024K, 2 young (2048K), 2 survivors (2048K)
 Metaspace       used 143421K, committed 144832K, reserved 1179648K
  class space    used 19115K, committed 19776K, reserved 1048576K
}
Event: 3102.283 GC heap before
{Heap before GC invocations=85 (full 0):
 garbage-first heap   total 497664K, used 397215K [0x0000000080000000, 0x0000000100000000)
  region size 1024K, 239 young (244736K), 2 survivors (2048K)
 Metaspace       used 143476K, committed 144896K, reserved 1179648K
  class space    used 19117K, committed 19776K, reserved 1048576K
}
Event: 3102.289 GC heap after
{Heap after GC invocations=86 (full 0):
 garbage-first heap   total 497664K, used 158111K [0x0000000080000000, 0x0000000100000000)
  region size 1024K, 4 young (4096K), 4 survivors (4096K)
 Metaspace       used 143476K, committed 144896K, reserved 1179648K
  class space    used 19117K, committed 19776K, reserved 1048576K
}
Event: 4074.975 GC heap before
{Heap before GC invocations=87 (full 0):
 garbage-first heap   total 497664K, used 432543K [0x0000000080000000, 0x0000000100000000)
  region size 1024K, 245 young (250880K), 4 survivors (4096K)
 Metaspace       used 143718K, committed 145088K, reserved 1179648K
  class space    used 19129K, committed 19776K, reserved 1048576K
}
Event: 4075.004 GC heap after
{Heap after GC invocations=88 (full 0):
 garbage-first heap   total 497664K, used 174238K [0x0000000080000000, 0x0000000100000000)
  region size 1024K, 20 young (20480K), 20 survivors (20480K)
 Metaspace       used 143718K, committed 145088K, reserved 1179648K
  class space    used 19129K, committed 19776K, reserved 1048576K
}
Event: 4075.055 GC heap before
{Heap before GC invocations=88 (full 0):
 garbage-first heap   total 497664K, used 177310K [0x0000000080000000, 0x0000000100000000)
  region size 1024K, 24 young (24576K), 20 survivors (20480K)
 Metaspace       used 143718K, committed 145088K, reserved 1179648K
  class space    used 19129K, committed 19776K, reserved 1048576K
}
Event: 4075.107 GC heap after
{Heap after GC invocations=89 (full 0):
 garbage-first heap   total 497664K, used 156558K [0x0000000080000000, 0x0000000100000000)
  region size 1024K, 2 young (2048K), 2 survivors (2048K)
 Metaspace       used 143718K, committed 145088K, reserved 1179648K
  class space    used 19129K, committed 19776K, reserved 1048576K
}
Event: 4076.350 GC heap before
{Heap before GC invocations=89 (full 0):
 garbage-first heap   total 497664K, used 398222K [0x0000000080000000, 0x0000000100000000)
  region size 1024K, 238 young (243712K), 2 survivors (2048K)
 Metaspace       used 143747K, committed 145152K, reserved 1179648K
  class space    used 19129K, committed 19776K, reserved 1048576K
}

