# JRE version: OpenJDK Runtime Environment (17.0.11) (build 17.0.11+0--11852314)
# Java VM: OpenJDK 64-Bit Server VM (17.0.11+0--11852314, mixed mode, tiered, compressed oops, compressed class ptrs, g1 gc, windows-amd64)
GC Precious Log:
 CPUs: 4 total, 4 available
 Memory: 8072M
 Large Page Support: Disabled
 NUMA Support: Disabled
 Compressed Oops: Enabled (32-bit)
 Heap Region Size: 1M
 Heap Min Capacity: 8M
 Heap Initial Capacity: 128M
 Heap Max Capacity: 2G
 Pre-touch: Disabled
 Parallel Workers: 4
 Concurrent Workers: 1
 Concurrent Refinement Workers: 4
 Periodic GC: Disabled
Heap:
 garbage-first heap   total 288768K, used 178602K [0x0000000080000000, 0x0000000100000000)
  region size 1024K, 4 young (4096K), 4 survivors (4096K)
 Metaspace       used 140353K, committed 141376K, reserved 1179648K
  class space    used 18895K, committed 19392K, reserved 1048576K
GC Heap History (20 events):
Event: 268.743 GC heap after
{Heap after GC invocations=64 (full 0):
 garbage-first heap   total 240640K, used 157913K [0x0000000080000000, 0x0000000100000000)
  region size 1024K, 3 young (3072K), 3 survivors (3072K)
 Metaspace       used 139287K, committed 140288K, reserved 1179648K
  class space    used 18832K, committed 19328K, reserved 1048576K
}
Event: 268.971 GC heap before
{Heap before GC invocations=64 (full 0):
 garbage-first heap   total 240640K, used 207065K [0x0000000080000000, 0x0000000100000000)
  region size 1024K, 51 young (52224K), 3 survivors (3072K)
 Metaspace       used 139291K, committed 140288K, reserved 1179648K
  class space    used 18832K, committed 19328K, reserved 1048576K
}
Event: 268.976 GC heap after
{Heap after GC invocations=65 (full 0):
 garbage-first heap   total 240640K, used 158272K [0x0000000080000000, 0x0000000100000000)
  region size 1024K, 3 young (3072K), 3 survivors (3072K)
 Metaspace       used 139291K, committed 140288K, reserved 1179648K
  class space    used 18832K, committed 19328K, reserved 1048576K
}
Event: 269.208 GC heap before
{Heap before GC invocations=65 (full 0):
 garbage-first heap   total 240640K, used 208448K [0x0000000080000000, 0x0000000100000000)
  region size 1024K, 52 young (53248K), 3 survivors (3072K)
 Metaspace       used 139294K, committed 140288K, reserved 1179648K
  class space    used 18832K, committed 19328K, reserved 1048576K
}
Event: 269.213 GC heap after
{Heap after GC invocations=66 (full 0):
 garbage-first heap   total 240640K, used 158415K [0x0000000080000000, 0x0000000100000000)
  region size 1024K, 4 young (4096K), 4 survivors (4096K)
 Metaspace       used 139294K, committed 140288K, reserved 1179648K
  class space    used 18832K, committed 19328K, reserved 1048576K
}
Event: 269.477 GC heap before
{Heap before GC invocations=66 (full 0):
 garbage-first heap   total 240640K, used 208591K [0x0000000080000000, 0x0000000100000000)
  region size 1024K, 53 young (54272K), 4 survivors (4096K)
 Metaspace       used 139316K, committed 140288K, reserved 1179648K
  class space    used 18832K, committed 19328K, reserved 1048576K
}
Event: 269.484 GC heap after
{Heap after GC invocations=67 (full 0):
 garbage-first heap   total 288768K, used 160470K [0x0000000080000000, 0x0000000100000000)
  region size 1024K, 6 young (6144K), 6 survivors (6144K)
 Metaspace       used 139316K, committed 140288K, reserved 1179648K
  class space    used 18832K, committed 19328K, reserved 1048576K
}
Event: 270.279 GC heap before
{Heap before GC invocations=67 (full 0):
 garbage-first heap   total 288768K, used 247510K [0x0000000080000000, 0x0000000100000000)
  region size 1024K, 91 young (93184K), 6 survivors (6144K)
 Metaspace       used 139477K, committed 140480K, reserved 1179648K
  class space    used 18835K, committed 19328K, reserved 1048576K
}
Event: 270.286 GC heap after
{Heap after GC invocations=68 (full 0):
 garbage-first heap   total 288768K, used 157897K [0x0000000080000000, 0x0000000100000000)
  region size 1024K, 3 young (3072K), 3 survivors (3072K)
 Metaspace       used 139477K, committed 140480K, reserved 1179648K
  class space    used 18835K, committed 19328K, reserved 1048576K
}
Event: 270.432 GC heap before
{Heap before GC invocations=68 (full 0):
 garbage-first heap   total 288768K, used 177353K [0x0000000080000000, 0x0000000100000000)
  region size 1024K, 6 young (6144K), 3 survivors (3072K)
 Metaspace       used 139492K, committed 140480K, reserved 1179648K
  class space    used 18835K, committed 19328K, reserved 1048576K
}
Event: 270.438 GC heap after
{Heap after GC invocations=69 (full 0):
 garbage-first heap   total 288768K, used 166178K [0x0000000080000000, 0x0000000100000000)
  region size 1024K, 3 young (3072K), 3 survivors (3072K)
 Metaspace       used 139492K, committed 140480K, reserved 1179648K
  class space    used 18835K, committed 19328K, reserved 1048576K
}
Event: 473.285 GC heap before
{Heap before GC invocations=69 (full 0):
 garbage-first heap   total 288768K, used 259362K [0x0000000080000000, 0x0000000100000000)
  region size 1024K, 86 young (88064K), 3 survivors (3072K)
 Metaspace       used 140028K, committed 141056K, reserved 1179648K
  class space    used 18871K, committed 19392K, reserved 1048576K
}
Event: 473.308 GC heap after
{Heap after GC invocations=70 (full 0):
 garbage-first heap   total 288768K, used 166562K [0x0000000080000000, 0x0000000100000000)
  region size 1024K, 11 young (11264K), 11 survivors (11264K)
 Metaspace       used 140028K, committed 141056K, reserved 1179648K
  class space    used 18871K, committed 19392K, reserved 1048576K
}
Event: 484.502 GC heap before
{Heap before GC invocations=70 (full 0):
 garbage-first heap   total 288768K, used 244386K [0x0000000080000000, 0x0000000100000000)
  region size 1024K, 88 young (90112K), 11 survivors (11264K)
 Metaspace       used 140310K, committed 141376K, reserved 1179648K
  class space    used 18895K, committed 19392K, reserved 1048576K
}
Event: 484.527 GC heap after
{Heap after GC invocations=71 (full 0):
 garbage-first heap   total 288768K, used 175246K [0x0000000080000000, 0x0000000100000000)
  region size 1024K, 9 young (9216K), 9 survivors (9216K)
 Metaspace       used 140310K, committed 141376K, reserved 1179648K
  class space    used 18895K, committed 19392K, reserved 1048576K
}
Event: 484.806 GC heap before
{Heap before GC invocations=71 (full 0):
 garbage-first heap   total 288768K, used 242830K [0x0000000080000000, 0x0000000100000000)
  region size 1024K, 75 young (76800K), 9 survivors (9216K)
 Metaspace       used 140315K, committed 141376K, reserved 1179648K
  class space    used 18895K, committed 19392K, reserved 1048576K
}
Event: 484.819 GC heap after
{Heap after GC invocations=72 (full 0):
 garbage-first heap   total 288768K, used 178745K [0x0000000080000000, 0x0000000100000000)
  region size 1024K, 4 young (4096K), 4 survivors (4096K)
 Metaspace       used 140315K, committed 141376K, reserved 1179648K
  class space    used 18895K, committed 19392K, reserved 1048576K
}
Event: 485.122 GC heap before
{Heap before GC invocations=72 (full 0):
 garbage-first heap   total 288768K, used 244281K [0x0000000080000000, 0x0000000100000000)
  region size 1024K, 68 young (69632K), 4 survivors (4096K)
 Metaspace       used 140336K, committed 141376K, reserved 1179648K
  class space    used 18895K, committed 19392K, reserved 1048576K
}
Event: 485.129 GC heap after
{Heap after GC invocations=73 (full 0):
 garbage-first heap   total 288768K, used 178353K [0x0000000080000000, 0x0000000100000000)
  region size 1024K, 4 young (4096K), 4 survivors (4096K)
 Metaspace       used 140336K, committed 141376K, reserved 1179648K
  class space    used 18895K, committed 19392K, reserved 1048576K
}
Event: 485.466 GC heap before
{Heap before GC invocations=73 (full 0):
 garbage-first heap   total 288768K, used 245937K [0x0000000080000000, 0x0000000100000000)
  region size 1024K, 70 young (71680K), 4 survivors (4096K)
 Metaspace       used 140353K, committed 141376K, reserved 1179648K
  class space    used 18895K, committed 19392K, reserved 1048576K
}

