# JRE version: OpenJDK Runtime Environment (17.0.11) (build 17.0.11+0--11852314)
# Java VM: OpenJDK 64-Bit Server VM (17.0.11+0--11852314, mixed mode, tiered, compressed oops, compressed class ptrs, g1 gc, windows-amd64)
GC Precious Log:
 CPUs: 4 total, 4 available
 Memory: 8072M
 Large Page Support: Disabled
 NUMA Support: Disabled
 Compressed Oops: Enabled (32-bit)
 Heap Region Size: 1M
 Heap Min Capacity: 8M
 Heap Initial Capacity: 128M
 Heap Max Capacity: 2020M
 Pre-touch: Disabled
 Parallel Workers: 4
 Concurrent Workers: 1
 Concurrent Refinement Workers: 4
 Periodic GC: Disabled
Heap:
 garbage-first heap   total 156672K, used 101681K [0x0000000081c00000, 0x0000000100000000)
  region size 1024K, 34 young (34816K), 9 survivors (9216K)
 Metaspace       used 61158K, committed 61440K, reserved 1114112K
  class space    used 6846K, committed 6976K, reserved 1048576K
GC Heap History (20 events):
Event: 6.688 GC heap before
{Heap before GC invocations=23 (full 0):
 garbage-first heap   total 76800K, used 60692K [0x0000000081c00000, 0x0000000100000000)
  region size 1024K, 18 young (18432K), 1 survivors (1024K)
 Metaspace       used 54991K, committed 55232K, reserved 1114112K
  class space    used 6505K, committed 6592K, reserved 1048576K
}
Event: 6.694 GC heap after
{Heap after GC invocations=24 (full 0):
 garbage-first heap   total 156672K, used 45518K [0x0000000081c00000, 0x0000000100000000)
  region size 1024K, 3 young (3072K), 3 survivors (3072K)
 Metaspace       used 54991K, committed 55232K, reserved 1114112K
  class space    used 6505K, committed 6592K, reserved 1048576K
}
Event: 9.383 GC heap before
{Heap before GC invocations=25 (full 0):
 garbage-first heap   total 156672K, used 117198K [0x0000000081c00000, 0x0000000100000000)
  region size 1024K, 74 young (75776K), 3 survivors (3072K)
 Metaspace       used 58183K, committed 58432K, reserved 1114112K
  class space    used 6667K, committed 6784K, reserved 1048576K
}
Event: 9.400 GC heap after
{Heap after GC invocations=26 (full 0):
 garbage-first heap   total 156672K, used 52935K [0x0000000081c00000, 0x0000000100000000)
  region size 1024K, 10 young (10240K), 10 survivors (10240K)
 Metaspace       used 58183K, committed 58432K, reserved 1114112K
  class space    used 6667K, committed 6784K, reserved 1048576K
}
Event: 9.433 GC heap before
{Heap before GC invocations=26 (full 0):
 garbage-first heap   total 156672K, used 53959K [0x0000000081c00000, 0x0000000100000000)
  region size 1024K, 11 young (11264K), 10 survivors (10240K)
 Metaspace       used 58188K, committed 58432K, reserved 1114112K
  class space    used 6667K, committed 6784K, reserved 1048576K
}
Event: 9.445 GC heap after
{Heap after GC invocations=27 (full 0):
 garbage-first heap   total 156672K, used 53187K [0x0000000081c00000, 0x0000000100000000)
  region size 1024K, 1 young (1024K), 1 survivors (1024K)
 Metaspace       used 58188K, committed 58432K, reserved 1114112K
  class space    used 6667K, committed 6784K, reserved 1048576K
}
Event: 11.302 GC heap before
{Heap before GC invocations=27 (full 0):
 garbage-first heap   total 156672K, used 112579K [0x0000000081c00000, 0x0000000100000000)
  region size 1024K, 59 young (60416K), 1 survivors (1024K)
 Metaspace       used 58986K, committed 59264K, reserved 1114112K
  class space    used 6667K, committed 6784K, reserved 1048576K
}
Event: 11.307 GC heap after
{Heap after GC invocations=28 (full 0):
 garbage-first heap   total 156672K, used 54805K [0x0000000081c00000, 0x0000000100000000)
  region size 1024K, 3 young (3072K), 3 survivors (3072K)
 Metaspace       used 58986K, committed 59264K, reserved 1114112K
  class space    used 6667K, committed 6784K, reserved 1048576K
}
Event: 13.220 GC heap before
{Heap before GC invocations=28 (full 0):
 garbage-first heap   total 156672K, used 117269K [0x0000000081c00000, 0x0000000100000000)
  region size 1024K, 64 young (65536K), 3 survivors (3072K)
 Metaspace       used 59276K, committed 59520K, reserved 1114112K
  class space    used 6668K, committed 6784K, reserved 1048576K
}
Event: 13.228 GC heap after
{Heap after GC invocations=29 (full 0):
 garbage-first heap   total 156672K, used 56670K [0x0000000081c00000, 0x0000000100000000)
  region size 1024K, 5 young (5120K), 5 survivors (5120K)
 Metaspace       used 59276K, committed 59520K, reserved 1114112K
  class space    used 6668K, committed 6784K, reserved 1048576K
}
Event: 14.655 GC heap before
{Heap before GC invocations=29 (full 0):
 garbage-first heap   total 156672K, used 122206K [0x0000000081c00000, 0x0000000100000000)
  region size 1024K, 69 young (70656K), 5 survivors (5120K)
 Metaspace       used 59463K, committed 59712K, reserved 1114112K
  class space    used 6669K, committed 6784K, reserved 1048576K
}
Event: 14.665 GC heap after
{Heap after GC invocations=30 (full 0):
 garbage-first heap   total 156672K, used 58792K [0x0000000081c00000, 0x0000000100000000)
  region size 1024K, 7 young (7168K), 7 survivors (7168K)
 Metaspace       used 59463K, committed 59712K, reserved 1114112K
  class space    used 6669K, committed 6784K, reserved 1048576K
}
Event: 15.970 GC heap before
{Heap before GC invocations=30 (full 0):
 garbage-first heap   total 156672K, used 126376K [0x0000000081c00000, 0x0000000100000000)
  region size 1024K, 71 young (72704K), 7 survivors (7168K)
 Metaspace       used 59671K, committed 59904K, reserved 1114112K
  class space    used 6669K, committed 6784K, reserved 1048576K
}
Event: 15.983 GC heap after
{Heap after GC invocations=31 (full 0):
 garbage-first heap   total 156672K, used 62741K [0x0000000081c00000, 0x0000000100000000)
  region size 1024K, 7 young (7168K), 7 survivors (7168K)
 Metaspace       used 59671K, committed 59904K, reserved 1114112K
  class space    used 6669K, committed 6784K, reserved 1048576K
}
Event: 17.126 GC heap before
{Heap before GC invocations=31 (full 0):
 garbage-first heap   total 156672K, used 127253K [0x0000000081c00000, 0x0000000100000000)
  region size 1024K, 70 young (71680K), 7 survivors (7168K)
 Metaspace       used 59713K, committed 59904K, reserved 1114112K
  class space    used 6669K, committed 6784K, reserved 1048576K
}
Event: 17.138 GC heap after
{Heap after GC invocations=32 (full 0):
 garbage-first heap   total 156672K, used 64676K [0x0000000081c00000, 0x0000000100000000)
  region size 1024K, 7 young (7168K), 7 survivors (7168K)
 Metaspace       used 59713K, committed 59904K, reserved 1114112K
  class space    used 6669K, committed 6784K, reserved 1048576K
}
Event: 18.953 GC heap before
{Heap before GC invocations=32 (full 0):
 garbage-first heap   total 156672K, used 129188K [0x0000000081c00000, 0x0000000100000000)
  region size 1024K, 70 young (71680K), 7 survivors (7168K)
 Metaspace       used 59807K, committed 60032K, reserved 1114112K
  class space    used 6669K, committed 6784K, reserved 1048576K
}
Event: 18.967 GC heap after
{Heap after GC invocations=33 (full 0):
 garbage-first heap   total 156672K, used 66385K [0x0000000081c00000, 0x0000000100000000)
  region size 1024K, 6 young (6144K), 6 survivors (6144K)
 Metaspace       used 59807K, committed 60032K, reserved 1114112K
  class space    used 6669K, committed 6784K, reserved 1048576K
}
Event: 22.193 GC heap before
{Heap before GC invocations=33 (full 0):
 garbage-first heap   total 156672K, used 134993K [0x0000000081c00000, 0x0000000100000000)
  region size 1024K, 69 young (70656K), 6 survivors (6144K)
 Metaspace       used 60888K, committed 61120K, reserved 1114112K
  class space    used 6815K, committed 6912K, reserved 1048576K
}
Event: 22.216 GC heap after
{Heap after GC invocations=34 (full 0):
 garbage-first heap   total 156672K, used 76081K [0x0000000081c00000, 0x0000000100000000)
  region size 1024K, 9 young (9216K), 9 survivors (9216K)
 Metaspace       used 60888K, committed 61120K, reserved 1114112K
  class space    used 6815K, committed 6912K, reserved 1048576K
}

