# JRE version: OpenJDK Runtime Environment (17.0.11) (build 17.0.11+0--11852314)
# Java VM: OpenJDK 64-Bit Server VM (17.0.11+0--11852314, mixed mode, tiered, compressed oops, compressed class ptrs, g1 gc, windows-amd64)
GC Precious Log:
 CPUs: 4 total, 4 available
 Memory: 8072M
 Large Page Support: Disabled
 NUMA Support: Disabled
 Compressed Oops: Enabled (32-bit)
 Heap Region Size: 1M
 Heap Min Capacity: 8M
 Heap Initial Capacity: 128M
 Heap Max Capacity: 2G
 Pre-touch: Disabled
 Parallel Workers: 4
 Concurrent Workers: 1
 Concurrent Refinement Workers: 4
 Periodic GC: Disabled
Heap:
 garbage-first heap   total 143360K, used 100289K [0x0000000080000000, 0x0000000100000000)
  region size 1024K, 6 young (6144K), 1 survivors (1024K)
 Metaspace       used 69448K, committed 70080K, reserved 1114112K
  class space    used 9401K, committed 9664K, reserved 1048576K
GC Heap History (20 events):
Event: 8.782 GC heap before
{Heap before GC invocations=23 (full 0):
 garbage-first heap   total 107520K, used 72235K [0x0000000080000000, 0x0000000100000000)
  region size 1024K, 15 young (15360K), 2 survivors (2048K)
 Metaspace       used 51596K, committed 52096K, reserved 1114112K
  class space    used 6951K, committed 7168K, reserved 1048576K
}
Event: 8.785 GC heap after
{Heap after GC invocations=24 (full 0):
 garbage-first heap   total 107520K, used 62869K [0x0000000080000000, 0x0000000100000000)
  region size 1024K, 2 young (2048K), 2 survivors (2048K)
 Metaspace       used 51596K, committed 52096K, reserved 1114112K
  class space    used 6951K, committed 7168K, reserved 1048576K
}
Event: 9.067 GC heap before
{Heap before GC invocations=25 (full 0):
 garbage-first heap   total 114688K, used 81301K [0x0000000080000000, 0x0000000100000000)
  region size 1024K, 18 young (18432K), 2 survivors (2048K)
 Metaspace       used 53264K, committed 53824K, reserved 1114112K
  class space    used 7099K, committed 7360K, reserved 1048576K
}
Event: 9.071 GC heap after
{Heap after GC invocations=26 (full 0):
 garbage-first heap   total 114688K, used 62803K [0x0000000080000000, 0x0000000100000000)
  region size 1024K, 1 young (1024K), 1 survivors (1024K)
 Metaspace       used 53264K, committed 53824K, reserved 1114112K
  class space    used 7099K, committed 7360K, reserved 1048576K
}
Event: 9.432 GC heap before
{Heap before GC invocations=26 (full 0):
 garbage-first heap   total 114688K, used 83283K [0x0000000080000000, 0x0000000100000000)
  region size 1024K, 21 young (21504K), 1 survivors (1024K)
 Metaspace       used 54873K, committed 55488K, reserved 1114112K
  class space    used 7376K, committed 7680K, reserved 1048576K
}
Event: 9.436 GC heap after
{Heap after GC invocations=27 (full 0):
 garbage-first heap   total 114688K, used 64282K [0x0000000080000000, 0x0000000100000000)
  region size 1024K, 2 young (2048K), 2 survivors (2048K)
 Metaspace       used 54873K, committed 55488K, reserved 1114112K
  class space    used 7376K, committed 7680K, reserved 1048576K
}
Event: 9.998 GC heap before
{Heap before GC invocations=28 (full 0):
 garbage-first heap   total 116736K, used 84762K [0x0000000080000000, 0x0000000100000000)
  region size 1024K, 23 young (23552K), 2 survivors (2048K)
 Metaspace       used 57607K, committed 58176K, reserved 1114112K
  class space    used 7805K, committed 8064K, reserved 1048576K
}
Event: 10.004 GC heap after
{Heap after GC invocations=29 (full 0):
 garbage-first heap   total 116736K, used 65602K [0x0000000080000000, 0x0000000100000000)
  region size 1024K, 3 young (3072K), 3 survivors (3072K)
 Metaspace       used 57607K, committed 58176K, reserved 1114112K
  class space    used 7805K, committed 8064K, reserved 1048576K
}
Event: 10.728 GC heap before
{Heap before GC invocations=29 (full 0):
 garbage-first heap   total 116736K, used 88130K [0x0000000080000000, 0x0000000100000000)
  region size 1024K, 26 young (26624K), 3 survivors (3072K)
 Metaspace       used 59639K, committed 60288K, reserved 1114112K
  class space    used 8165K, committed 8448K, reserved 1048576K
}
Event: 10.735 GC heap after
{Heap after GC invocations=30 (full 0):
 garbage-first heap   total 140288K, used 67150K [0x0000000080000000, 0x0000000100000000)
  region size 1024K, 3 young (3072K), 3 survivors (3072K)
 Metaspace       used 59639K, committed 60288K, reserved 1114112K
  class space    used 8165K, committed 8448K, reserved 1048576K
}
Event: 12.307 GC heap before
{Heap before GC invocations=31 (full 0):
 garbage-first heap   total 140288K, used 105038K [0x0000000080000000, 0x0000000100000000)
  region size 1024K, 41 young (41984K), 3 survivors (3072K)
 Metaspace       used 67319K, committed 67968K, reserved 1114112K
  class space    used 9174K, committed 9472K, reserved 1048576K
}
Event: 12.317 GC heap after
{Heap after GC invocations=32 (full 0):
 garbage-first heap   total 140288K, used 70742K [0x0000000080000000, 0x0000000100000000)
  region size 1024K, 6 young (6144K), 6 survivors (6144K)
 Metaspace       used 67319K, committed 67968K, reserved 1114112K
  class space    used 9174K, committed 9472K, reserved 1048576K
}
Event: 14.038 GC heap before
{Heap before GC invocations=32 (full 0):
 garbage-first heap   total 140288K, used 107606K [0x0000000080000000, 0x0000000100000000)
  region size 1024K, 42 young (43008K), 6 survivors (6144K)
 Metaspace       used 68477K, committed 69056K, reserved 1114112K
  class space    used 9268K, committed 9536K, reserved 1048576K
}
Event: 14.052 GC heap after
{Heap after GC invocations=33 (full 0):
 garbage-first heap   total 140288K, used 76413K [0x0000000080000000, 0x0000000100000000)
  region size 1024K, 6 young (6144K), 6 survivors (6144K)
 Metaspace       used 68477K, committed 69056K, reserved 1114112K
  class space    used 9268K, committed 9536K, reserved 1048576K
}
Event: 14.617 GC heap before
{Heap before GC invocations=34 (full 0):
 garbage-first heap   total 143360K, used 121469K [0x0000000080000000, 0x0000000100000000)
  region size 1024K, 39 young (39936K), 6 survivors (6144K)
 Metaspace       used 68933K, committed 69568K, reserved 1114112K
  class space    used 9317K, committed 9600K, reserved 1048576K
}
Event: 14.632 GC heap after
{Heap after GC invocations=35 (full 0):
 garbage-first heap   total 143360K, used 93968K [0x0000000080000000, 0x0000000100000000)
  region size 1024K, 5 young (5120K), 5 survivors (5120K)
 Metaspace       used 68933K, committed 69568K, reserved 1114112K
  class space    used 9317K, committed 9600K, reserved 1048576K
}
Event: 14.677 GC heap before
{Heap before GC invocations=35 (full 0):
 garbage-first heap   total 143360K, used 96016K [0x0000000080000000, 0x0000000100000000)
  region size 1024K, 7 young (7168K), 5 survivors (5120K)
 Metaspace       used 69099K, committed 69696K, reserved 1114112K
  class space    used 9343K, committed 9600K, reserved 1048576K
}
Event: 14.685 GC heap after
{Heap after GC invocations=36 (full 0):
 garbage-first heap   total 143360K, used 94243K [0x0000000080000000, 0x0000000100000000)
  region size 1024K, 1 young (1024K), 1 survivors (1024K)
 Metaspace       used 69099K, committed 69696K, reserved 1114112K
  class space    used 9343K, committed 9600K, reserved 1048576K
}
Event: 14.790 GC heap before
{Heap before GC invocations=36 (full 0):
 garbage-first heap   total 143360K, used 97315K [0x0000000080000000, 0x0000000100000000)
  region size 1024K, 6 young (6144K), 1 survivors (1024K)
 Metaspace       used 69382K, committed 70016K, reserved 1114112K
  class space    used 9398K, committed 9664K, reserved 1048576K
}
Event: 14.792 GC heap after
{Heap after GC invocations=37 (full 0):
 garbage-first heap   total 143360K, used 94145K [0x0000000080000000, 0x0000000100000000)
  region size 1024K, 1 young (1024K), 1 survivors (1024K)
 Metaspace       used 69382K, committed 70016K, reserved 1114112K
  class space    used 9398K, committed 9664K, reserved 1048576K
}

