# JRE version: OpenJDK Runtime Environment (17.0.11) (build 17.0.11+0--11852314)
# Java VM: OpenJDK 64-Bit Server VM (17.0.11+0--11852314, mixed mode, tiered, compressed oops, compressed class ptrs, g1 gc, windows-amd64)
GC Precious Log:
 CPUs: 4 total, 4 available
 Memory: 8072M
 Large Page Support: Disabled
 NUMA Support: Disabled
 Compressed Oops: Enabled (32-bit)
 Heap Region Size: 1M
 Heap Min Capacity: 8M
 Heap Initial Capacity: 128M
 Heap Max Capacity: 2020M
 Pre-touch: Disabled
 Parallel Workers: 4
 Concurrent Workers: 1
 Concurrent Refinement Workers: 4
 Periodic GC: Disabled
Heap:
 garbage-first heap   total 206848K, used 103694K [0x0000000081c00000, 0x0000000100000000)
  region size 1024K, 9 young (9216K), 9 survivors (9216K)
 Metaspace       used 73411K, committed 73792K, reserved 1179648K
  class space    used 8022K, committed 8192K, reserved 1048576K
GC Heap History (20 events):
Event: 24.484 GC heap after
{Heap after GC invocations=36 (full 0):
 garbage-first heap   total 101376K, used 55734K [0x0000000081c00000, 0x0000000100000000)
  region size 1024K, 1 young (1024K), 1 survivors (1024K)
 Metaspace       used 59586K, committed 59840K, reserved 1114112K
  class space    used 6695K, committed 6784K, reserved 1048576K
}
Event: 25.509 GC heap before
{Heap before GC invocations=36 (full 0):
 garbage-first heap   total 101376K, used 82358K [0x0000000081c00000, 0x0000000100000000)
  region size 1024K, 27 young (27648K), 1 survivors (1024K)
 Metaspace       used 59695K, committed 59904K, reserved 1114112K
  class space    used 6695K, committed 6784K, reserved 1048576K
}
Event: 25.519 GC heap after
{Heap after GC invocations=37 (full 0):
 garbage-first heap   total 206848K, used 57095K [0x0000000081c00000, 0x0000000100000000)
  region size 1024K, 2 young (2048K), 2 survivors (2048K)
 Metaspace       used 59695K, committed 59904K, reserved 1114112K
  class space    used 6695K, committed 6784K, reserved 1048576K
}
Event: 28.794 GC heap before
{Heap before GC invocations=38 (full 0):
 garbage-first heap   total 206848K, used 144135K [0x0000000081c00000, 0x0000000100000000)
  region size 1024K, 85 young (87040K), 2 survivors (2048K)
 Metaspace       used 60071K, committed 60288K, reserved 1114112K
  class space    used 6696K, committed 6784K, reserved 1048576K
}
Event: 28.808 GC heap after
{Heap after GC invocations=39 (full 0):
 garbage-first heap   total 206848K, used 62071K [0x0000000081c00000, 0x0000000100000000)
  region size 1024K, 5 young (5120K), 5 survivors (5120K)
 Metaspace       used 60071K, committed 60288K, reserved 1114112K
  class space    used 6696K, committed 6784K, reserved 1048576K
}
Event: 28.987 GC heap before
{Heap before GC invocations=39 (full 0):
 garbage-first heap   total 206848K, used 67191K [0x0000000081c00000, 0x0000000100000000)
  region size 1024K, 10 young (10240K), 5 survivors (5120K)
 Metaspace       used 60076K, committed 60288K, reserved 1114112K
  class space    used 6696K, committed 6784K, reserved 1048576K
}
Event: 29.001 GC heap after
{Heap after GC invocations=40 (full 0):
 garbage-first heap   total 206848K, used 62380K [0x0000000081c00000, 0x0000000100000000)
  region size 1024K, 1 young (1024K), 1 survivors (1024K)
 Metaspace       used 60076K, committed 60288K, reserved 1114112K
  class space    used 6696K, committed 6784K, reserved 1048576K
}
Event: 32.385 GC heap before
{Heap before GC invocations=40 (full 0):
 garbage-first heap   total 206848K, used 166828K [0x0000000081c00000, 0x0000000100000000)
  region size 1024K, 103 young (105472K), 1 survivors (1024K)
 Metaspace       used 60208K, committed 60416K, reserved 1114112K
  class space    used 6696K, committed 6784K, reserved 1048576K
}
Event: 32.399 GC heap after
{Heap after GC invocations=41 (full 0):
 garbage-first heap   total 206848K, used 66548K [0x0000000081c00000, 0x0000000100000000)
  region size 1024K, 5 young (5120K), 5 survivors (5120K)
 Metaspace       used 60208K, committed 60416K, reserved 1114112K
  class space    used 6696K, committed 6784K, reserved 1048576K
}
Event: 36.005 GC heap before
{Heap before GC invocations=42 (full 0):
 garbage-first heap   total 206848K, used 172020K [0x0000000081c00000, 0x0000000100000000)
  region size 1024K, 103 young (105472K), 5 survivors (5120K)
 Metaspace       used 61206K, committed 61440K, reserved 1114112K
  class space    used 6834K, committed 6912K, reserved 1048576K
}
Event: 36.037 GC heap after
{Heap after GC invocations=43 (full 0):
 garbage-first heap   total 206848K, used 80132K [0x0000000081c00000, 0x0000000100000000)
  region size 1024K, 13 young (13312K), 13 survivors (13312K)
 Metaspace       used 61206K, committed 61440K, reserved 1114112K
  class space    used 6834K, committed 6912K, reserved 1048576K
}
Event: 36.047 GC heap before
{Heap before GC invocations=43 (full 0):
 garbage-first heap   total 206848K, used 81156K [0x0000000081c00000, 0x0000000100000000)
  region size 1024K, 14 young (14336K), 13 survivors (13312K)
 Metaspace       used 61206K, committed 61440K, reserved 1114112K
  class space    used 6834K, committed 6912K, reserved 1048576K
}
Event: 36.080 GC heap after
{Heap after GC invocations=44 (full 0):
 garbage-first heap   total 206848K, used 81933K [0x0000000081c00000, 0x0000000100000000)
  region size 1024K, 2 young (2048K), 2 survivors (2048K)
 Metaspace       used 61206K, committed 61440K, reserved 1114112K
  class space    used 6834K, committed 6912K, reserved 1048576K
}
Event: 38.926 GC heap before
{Heap before GC invocations=44 (full 0):
 garbage-first heap   total 206848K, used 166925K [0x0000000081c00000, 0x0000000100000000)
  region size 1024K, 85 young (87040K), 2 survivors (2048K)
 Metaspace       used 67226K, committed 67584K, reserved 1114112K
  class space    used 7436K, committed 7616K, reserved 1048576K
}
Event: 38.942 GC heap after
{Heap after GC invocations=45 (full 0):
 garbage-first heap   total 206848K, used 86006K [0x0000000081c00000, 0x0000000100000000)
  region size 1024K, 6 young (6144K), 6 survivors (6144K)
 Metaspace       used 67226K, committed 67584K, reserved 1114112K
  class space    used 7436K, committed 7616K, reserved 1048576K
}
Event: 42.407 GC heap before
{Heap before GC invocations=46 (full 0):
 garbage-first heap   total 206848K, used 161782K [0x0000000081c00000, 0x0000000100000000)
  region size 1024K, 85 young (87040K), 6 survivors (6144K)
 Metaspace       used 72099K, committed 72384K, reserved 1114112K
  class space    used 7915K, committed 8064K, reserved 1048576K
}
Event: 42.460 GC heap after
{Heap after GC invocations=47 (full 0):
 garbage-first heap   total 206848K, used 94840K [0x0000000081c00000, 0x0000000100000000)
  region size 1024K, 11 young (11264K), 11 survivors (11264K)
 Metaspace       used 72099K, committed 72384K, reserved 1114112K
  class space    used 7915K, committed 8064K, reserved 1048576K
}
Event: 42.486 GC heap before
{Heap before GC invocations=47 (full 0):
 garbage-first heap   total 206848K, used 95864K [0x0000000081c00000, 0x0000000100000000)
  region size 1024K, 12 young (12288K), 11 survivors (11264K)
 Metaspace       used 72102K, committed 72384K, reserved 1114112K
  class space    used 7915K, committed 8064K, reserved 1048576K
}
Event: 42.515 GC heap after
{Heap after GC invocations=48 (full 0):
 garbage-first heap   total 206848K, used 96554K [0x0000000081c00000, 0x0000000100000000)
  region size 1024K, 2 young (2048K), 2 survivors (2048K)
 Metaspace       used 72102K, committed 72384K, reserved 1114112K
  class space    used 7915K, committed 8064K, reserved 1048576K
}
Event: 44.691 GC heap before
{Heap before GC invocations=48 (full 0):
 garbage-first heap   total 206848K, used 163114K [0x0000000081c00000, 0x0000000100000000)
  region size 1024K, 67 young (68608K), 2 survivors (2048K)
 Metaspace       used 73411K, committed 73792K, reserved 1179648K
  class space    used 8022K, committed 8192K, reserved 1048576K
}

