# JRE version: OpenJDK Runtime Environment (17.0.11) (build 17.0.11+0--11852314)
# Java VM: OpenJDK 64-Bit Server VM (17.0.11+0--11852314, mixed mode, tiered, compressed oops, compressed class ptrs, g1 gc, windows-amd64)
GC Precious Log:
 CPUs: 4 total, 4 available
 Memory: 8072M
 Large Page Support: Disabled
 NUMA Support: Disabled
 Compressed Oops: Enabled (32-bit)
 Heap Region Size: 1M
 Heap Min Capacity: 8M
 Heap Initial Capacity: 128M
 Heap Max Capacity: 2G
 Pre-touch: Disabled
 Parallel Workers: 4
 Concurrent Workers: 1
 Concurrent Refinement Workers: 4
 Periodic GC: Disabled
Heap:
 garbage-first heap   total 68608K, used 40498K [0x0000000080000000, 0x0000000100000000)
  region size 1024K, 23 young (23552K), 4 survivors (4096K)
 Metaspace       used 32719K, committed 32960K, reserved 1114112K
  class space    used 4439K, committed 4544K, reserved 1048576K
GC Heap History (12 events):
Event: 3.717 GC heap before
{Heap before GC invocations=0 (full 0):
 garbage-first heap   total 131072K, used 12288K [0x0000000080000000, 0x0000000100000000)
  region size 1024K, 13 young (13312K), 0 survivors (0K)
 Metaspace       used 7675K, committed 7808K, reserved 1114112K
  class space    used 673K, committed 704K, reserved 1048576K
}
Event: 3.733 GC heap after
{Heap after GC invocations=1 (full 0):
 garbage-first heap   total 131072K, used 3008K [0x0000000080000000, 0x0000000100000000)
  region size 1024K, 2 young (2048K), 2 survivors (2048K)
 Metaspace       used 7675K, committed 7808K, reserved 1114112K
  class space    used 673K, committed 704K, reserved 1048576K
}
Event: 6.666 GC heap before
{Heap before GC invocations=1 (full 0):
 garbage-first heap   total 131072K, used 22464K [0x0000000080000000, 0x0000000100000000)
  region size 1024K, 18 young (18432K), 2 survivors (2048K)
 Metaspace       used 11402K, committed 11584K, reserved 1114112K
  class space    used 1194K, committed 1280K, reserved 1048576K
}
Event: 6.676 GC heap after
{Heap after GC invocations=2 (full 0):
 garbage-first heap   total 131072K, used 10794K [0x0000000080000000, 0x0000000100000000)
  region size 1024K, 3 young (3072K), 3 survivors (3072K)
 Metaspace       used 11402K, committed 11584K, reserved 1114112K
  class space    used 1194K, committed 1280K, reserved 1048576K
}
Event: 8.569 GC heap before
{Heap before GC invocations=2 (full 0):
 garbage-first heap   total 131072K, used 33322K [0x0000000080000000, 0x0000000100000000)
  region size 1024K, 25 young (25600K), 3 survivors (3072K)
 Metaspace       used 11479K, committed 11648K, reserved 1114112K
  class space    used 1195K, committed 1280K, reserved 1048576K
}
Event: 8.572 GC heap after
{Heap after GC invocations=3 (full 0):
 garbage-first heap   total 131072K, used 11330K [0x0000000080000000, 0x0000000100000000)
  region size 1024K, 1 young (1024K), 1 survivors (1024K)
 Metaspace       used 11479K, committed 11648K, reserved 1114112K
  class space    used 1195K, committed 1280K, reserved 1048576K
}
Event: 15.005 GC heap before
{Heap before GC invocations=3 (full 0):
 garbage-first heap   total 131072K, used 61506K [0x0000000080000000, 0x0000000100000000)
  region size 1024K, 51 young (52224K), 1 survivors (1024K)
 Metaspace       used 21329K, committed 21504K, reserved 1114112K
  class space    used 2518K, committed 2624K, reserved 1048576K
}
Event: 15.017 GC heap after
{Heap after GC invocations=4 (full 0):
 garbage-first heap   total 131072K, used 18936K [0x0000000080000000, 0x0000000100000000)
  region size 1024K, 8 young (8192K), 8 survivors (8192K)
 Metaspace       used 21329K, committed 21504K, reserved 1114112K
  class space    used 2518K, committed 2624K, reserved 1048576K
}
Event: 18.438 GC heap before
{Heap before GC invocations=5 (full 0):
 garbage-first heap   total 68608K, used 51704K [0x0000000080000000, 0x0000000100000000)
  region size 1024K, 40 young (40960K), 8 survivors (8192K)
 Metaspace       used 26373K, committed 26688K, reserved 1114112K
  class space    used 3389K, committed 3520K, reserved 1048576K
}
Event: 18.449 GC heap after
{Heap after GC invocations=6 (full 0):
 garbage-first heap   total 68608K, used 20474K [0x0000000080000000, 0x0000000100000000)
  region size 1024K, 2 young (2048K), 2 survivors (2048K)
 Metaspace       used 26373K, committed 26688K, reserved 1114112K
  class space    used 3389K, committed 3520K, reserved 1048576K
}
Event: 21.040 GC heap before
{Heap before GC invocations=6 (full 0):
 garbage-first heap   total 68608K, used 49146K [0x0000000080000000, 0x0000000100000000)
  region size 1024K, 30 young (30720K), 2 survivors (2048K)
 Metaspace       used 30216K, committed 30528K, reserved 1114112K
  class space    used 4025K, committed 4160K, reserved 1048576K
}
Event: 21.048 GC heap after
{Heap after GC invocations=7 (full 0):
 garbage-first heap   total 68608K, used 22066K [0x0000000080000000, 0x0000000100000000)
  region size 1024K, 4 young (4096K), 4 survivors (4096K)
 Metaspace       used 30216K, committed 30528K, reserved 1114112K
  class space    used 4025K, committed 4160K, reserved 1048576K
}

