# JRE version: OpenJDK Runtime Environment (17.0.11) (build 17.0.11+0--11852314)
# Java VM: OpenJDK 64-Bit Server VM (17.0.11+0--11852314, mixed mode, tiered, compressed oops, compressed class ptrs, g1 gc, windows-amd64)
GC Precious Log:
 CPUs: 4 total, 4 available
 Memory: 8072M
 Large Page Support: Disabled
 NUMA Support: Disabled
 Compressed Oops: Enabled (32-bit)
 Heap Region Size: 1M
 Heap Min Capacity: 8M
 Heap Initial Capacity: 128M
 Heap Max Capacity: 2G
 Pre-touch: Disabled
 Parallel Workers: 4
 Concurrent Workers: 1
 Concurrent Refinement Workers: 4
 Periodic GC: Disabled
Heap:
 garbage-first heap   total 188416K, used 106670K [0x0000000080000000, 0x0000000100000000)
  region size 1024K, 2 young (2048K), 2 survivors (2048K)
 Metaspace       used 105464K, committed 106176K, reserved 1179648K
  class space    used 14418K, committed 14784K, reserved 1048576K
GC Heap History (20 events):
Event: 50.046 GC heap after
{Heap after GC invocations=50 (full 0):
 garbage-first heap   total 175104K, used 88416K [0x0000000080000000, 0x0000000100000000)
  region size 1024K, 5 young (5120K), 5 survivors (5120K)
 Metaspace       used 87601K, committed 88256K, reserved 1179648K
  class space    used 11925K, committed 12288K, reserved 1048576K
}
Event: 50.140 GC heap before
{Heap before GC invocations=50 (full 0):
 garbage-first heap   total 175104K, used 91488K [0x0000000080000000, 0x0000000100000000)
  region size 1024K, 8 young (8192K), 5 survivors (5120K)
 Metaspace       used 87850K, committed 88448K, reserved 1179648K
  class space    used 11970K, committed 12288K, reserved 1048576K
}
Event: 50.148 GC heap after
{Heap after GC invocations=51 (full 0):
 garbage-first heap   total 175104K, used 87955K [0x0000000080000000, 0x0000000100000000)
  region size 1024K, 1 young (1024K), 1 survivors (1024K)
 Metaspace       used 87850K, committed 88448K, reserved 1179648K
  class space    used 11970K, committed 12288K, reserved 1048576K
}
Event: 52.387 GC heap before
{Heap before GC invocations=51 (full 0):
 garbage-first heap   total 175104K, used 138131K [0x0000000080000000, 0x0000000100000000)
  region size 1024K, 50 young (51200K), 1 survivors (1024K)
 Metaspace       used 91317K, committed 92096K, reserved 1179648K
  class space    used 12552K, committed 12928K, reserved 1048576K
}
Event: 52.396 GC heap after
{Heap after GC invocations=52 (full 0):
 garbage-first heap   total 175104K, used 89438K [0x0000000080000000, 0x0000000100000000)
  region size 1024K, 3 young (3072K), 3 survivors (3072K)
 Metaspace       used 91317K, committed 92096K, reserved 1179648K
  class space    used 12552K, committed 12928K, reserved 1048576K
}
Event: 56.582 GC heap before
{Heap before GC invocations=53 (full 0):
 garbage-first heap   total 175104K, used 140638K [0x0000000080000000, 0x0000000100000000)
  region size 1024K, 53 young (54272K), 3 survivors (3072K)
 Metaspace       used 94967K, committed 95680K, reserved 1179648K
  class space    used 13084K, committed 13440K, reserved 1048576K
}
Event: 56.597 GC heap after
{Heap after GC invocations=54 (full 0):
 garbage-first heap   total 175104K, used 92188K [0x0000000080000000, 0x0000000100000000)
  region size 1024K, 5 young (5120K), 5 survivors (5120K)
 Metaspace       used 94967K, committed 95680K, reserved 1179648K
  class space    used 13084K, committed 13440K, reserved 1048576K
}
Event: 56.709 GC heap before
{Heap before GC invocations=54 (full 0):
 garbage-first heap   total 175104K, used 95260K [0x0000000080000000, 0x0000000100000000)
  region size 1024K, 8 young (8192K), 5 survivors (5120K)
 Metaspace       used 95242K, committed 96000K, reserved 1179648K
  class space    used 13128K, committed 13504K, reserved 1048576K
}
Event: 56.725 GC heap after
{Heap after GC invocations=55 (full 0):
 garbage-first heap   total 175104K, used 92095K [0x0000000080000000, 0x0000000100000000)
  region size 1024K, 1 young (1024K), 1 survivors (1024K)
 Metaspace       used 95242K, committed 96000K, reserved 1179648K
  class space    used 13128K, committed 13504K, reserved 1048576K
}
Event: 59.673 GC heap before
{Heap before GC invocations=55 (full 0):
 garbage-first heap   total 175104K, used 143295K [0x0000000080000000, 0x0000000100000000)
  region size 1024K, 51 young (52224K), 1 survivors (1024K)
 Metaspace       used 99946K, committed 100672K, reserved 1179648K
  class space    used 13791K, committed 14144K, reserved 1048576K
}
Event: 59.682 GC heap after
{Heap after GC invocations=56 (full 0):
 garbage-first heap   total 175104K, used 93937K [0x0000000080000000, 0x0000000100000000)
  region size 1024K, 3 young (3072K), 3 survivors (3072K)
 Metaspace       used 99946K, committed 100672K, reserved 1179648K
  class space    used 13791K, committed 14144K, reserved 1048576K
}
Event: 62.831 GC heap before
{Heap before GC invocations=57 (full 0):
 garbage-first heap   total 175104K, used 148209K [0x0000000080000000, 0x0000000100000000)
  region size 1024K, 52 young (53248K), 3 survivors (3072K)
 Metaspace       used 103426K, committed 104128K, reserved 1179648K
  class space    used 14135K, committed 14464K, reserved 1048576K
}
Event: 62.848 GC heap after
{Heap after GC invocations=58 (full 0):
 garbage-first heap   total 175104K, used 99277K [0x0000000080000000, 0x0000000100000000)
  region size 1024K, 7 young (7168K), 7 survivors (7168K)
 Metaspace       used 103426K, committed 104128K, reserved 1179648K
  class space    used 14135K, committed 14464K, reserved 1048576K
}
Event: 62.950 GC heap before
{Heap before GC invocations=58 (full 0):
 garbage-first heap   total 175104K, used 100301K [0x0000000080000000, 0x0000000100000000)
  region size 1024K, 8 young (8192K), 7 survivors (7168K)
 Metaspace       used 103563K, committed 104256K, reserved 1179648K
  class space    used 14166K, committed 14528K, reserved 1048576K
}
Event: 62.964 GC heap after
{Heap after GC invocations=59 (full 0):
 garbage-first heap   total 175104K, used 99905K [0x0000000080000000, 0x0000000100000000)
  region size 1024K, 1 young (1024K), 1 survivors (1024K)
 Metaspace       used 103563K, committed 104256K, reserved 1179648K
  class space    used 14166K, committed 14528K, reserved 1048576K
}
Event: 66.570 GC heap before
{Heap before GC invocations=59 (full 0):
 garbage-first heap   total 175104K, used 142913K [0x0000000080000000, 0x0000000100000000)
  region size 1024K, 44 young (45056K), 1 survivors (1024K)
 Metaspace       used 105319K, committed 106048K, reserved 1179648K
  class space    used 14416K, committed 14784K, reserved 1048576K
}
Event: 66.586 GC heap after
{Heap after GC invocations=60 (full 0):
 garbage-first heap   total 175104K, used 105747K [0x0000000080000000, 0x0000000100000000)
  region size 1024K, 6 young (6144K), 6 survivors (6144K)
 Metaspace       used 105319K, committed 106048K, reserved 1179648K
  class space    used 14416K, committed 14784K, reserved 1048576K
}
Event: 67.737 GC heap before
{Heap before GC invocations=61 (full 0):
 garbage-first heap   total 188416K, used 141587K [0x0000000080000000, 0x0000000100000000)
  region size 1024K, 41 young (41984K), 6 survivors (6144K)
 Metaspace       used 105464K, committed 106176K, reserved 1179648K
  class space    used 14418K, committed 14784K, reserved 1048576K
}
Event: 67.752 GC heap after
{Heap after GC invocations=62 (full 0):
 garbage-first heap   total 188416K, used 107704K [0x0000000080000000, 0x0000000100000000)
  region size 1024K, 4 young (4096K), 4 survivors (4096K)
 Metaspace       used 105464K, committed 106176K, reserved 1179648K
  class space    used 14418K, committed 14784K, reserved 1048576K
}
Event: 67.900 GC heap before
{Heap before GC invocations=62 (full 0):
 garbage-first heap   total 188416K, used 111800K [0x0000000080000000, 0x0000000100000000)
  region size 1024K, 9 young (9216K), 4 survivors (4096K)
 Metaspace       used 105464K, committed 106176K, reserved 1179648K
  class space    used 14418K, committed 14784K, reserved 1048576K
}

