# JRE version: OpenJDK Runtime Environment (17.0.11) (build 17.0.11+0--11852314)
# Java VM: OpenJDK 64-Bit Server VM (17.0.11+0--11852314, mixed mode, tiered, compressed oops, compressed class ptrs, g1 gc, windows-amd64)
GC Precious Log:
 CPUs: 4 total, 4 available
 Memory: 8072M
 Large Page Support: Disabled
 NUMA Support: Disabled
 Compressed Oops: Enabled (32-bit)
 Heap Region Size: 1M
 Heap Min Capacity: 8M
 Heap Initial Capacity: 128M
 Heap Max Capacity: 2G
 Pre-touch: Disabled
 Parallel Workers: 4
 Concurrent Workers: 1
 Concurrent Refinement Workers: 4
 Periodic GC: Disabled
Heap:
 garbage-first heap   total 291840K, used 140606K [0x0000000080000000, 0x0000000100000000)
  region size 1024K, 4 young (4096K), 4 survivors (4096K)
 Metaspace       used 140461K, committed 141568K, reserved 1179648K
  class space    used 18973K, committed 19520K, reserved 1048576K
GC Heap History (20 events):
Event: 244.675 GC heap after
{Heap after GC invocations=59 (full 0):
 garbage-first heap   total 250880K, used 143285K [0x0000000080000000, 0x0000000100000000)
  region size 1024K, 11 young (11264K), 11 survivors (11264K)
 Metaspace       used 139072K, committed 140032K, reserved 1179648K
  class space    used 18858K, committed 19328K, reserved 1048576K
}
Event: 280.468 GC heap before
{Heap before GC invocations=59 (full 0):
 garbage-first heap   total 250880K, used 208821K [0x0000000080000000, 0x0000000100000000)
  region size 1024K, 76 young (77824K), 11 survivors (11264K)
 Metaspace       used 139750K, committed 140736K, reserved 1179648K
  class space    used 18938K, committed 19456K, reserved 1048576K
}
Event: 280.491 GC heap after
{Heap after GC invocations=60 (full 0):
 garbage-first heap   total 250880K, used 145876K [0x0000000080000000, 0x0000000100000000)
  region size 1024K, 3 young (3072K), 3 survivors (3072K)
 Metaspace       used 139750K, committed 140736K, reserved 1179648K
  class space    used 18938K, committed 19456K, reserved 1048576K
}
Event: 283.630 GC heap before
{Heap before GC invocations=61 (full 0):
 garbage-first heap   total 250880K, used 211412K [0x0000000080000000, 0x0000000100000000)
  region size 1024K, 68 young (69632K), 3 survivors (3072K)
 Metaspace       used 139969K, committed 140992K, reserved 1179648K
  class space    used 18949K, committed 19456K, reserved 1048576K
}
Event: 283.653 GC heap after
{Heap after GC invocations=62 (full 0):
 garbage-first heap   total 250880K, used 155339K [0x0000000080000000, 0x0000000100000000)
  region size 1024K, 9 young (9216K), 9 survivors (9216K)
 Metaspace       used 139969K, committed 140992K, reserved 1179648K
  class space    used 18949K, committed 19456K, reserved 1048576K
}
Event: 283.819 GC heap before
{Heap before GC invocations=62 (full 0):
 garbage-first heap   total 250880K, used 158411K [0x0000000080000000, 0x0000000100000000)
  region size 1024K, 12 young (12288K), 9 survivors (9216K)
 Metaspace       used 140003K, committed 141056K, reserved 1179648K
  class space    used 18951K, committed 19456K, reserved 1048576K
}
Event: 283.865 GC heap after
{Heap after GC invocations=63 (full 0):
 garbage-first heap   total 250880K, used 143948K [0x0000000080000000, 0x0000000100000000)
  region size 1024K, 2 young (2048K), 2 survivors (2048K)
 Metaspace       used 140003K, committed 141056K, reserved 1179648K
  class space    used 18951K, committed 19456K, reserved 1048576K
}
Event: 297.937 GC heap before
{Heap before GC invocations=63 (full 0):
 garbage-first heap   total 250880K, used 205388K [0x0000000080000000, 0x0000000100000000)
  region size 1024K, 63 young (64512K), 2 survivors (2048K)
 Metaspace       used 140233K, committed 141312K, reserved 1179648K
  class space    used 18971K, committed 19520K, reserved 1048576K
}
Event: 297.951 GC heap after
{Heap after GC invocations=64 (full 0):
 garbage-first heap   total 250880K, used 148993K [0x0000000080000000, 0x0000000100000000)
  region size 1024K, 7 young (7168K), 7 survivors (7168K)
 Metaspace       used 140233K, committed 141312K, reserved 1179648K
  class space    used 18971K, committed 19520K, reserved 1048576K
}
Event: 298.835 GC heap before
{Heap before GC invocations=65 (full 0):
 garbage-first heap   total 261120K, used 200193K [0x0000000080000000, 0x0000000100000000)
  region size 1024K, 63 young (64512K), 7 survivors (7168K)
 Metaspace       used 140324K, committed 141376K, reserved 1179648K
  class space    used 18971K, committed 19520K, reserved 1048576K
}
Event: 298.848 GC heap after
{Heap after GC invocations=66 (full 0):
 garbage-first heap   total 261120K, used 145907K [0x0000000080000000, 0x0000000100000000)
  region size 1024K, 3 young (3072K), 3 survivors (3072K)
 Metaspace       used 140324K, committed 141376K, reserved 1179648K
  class space    used 18971K, committed 19520K, reserved 1048576K
}
Event: 298.909 GC heap before
{Heap before GC invocations=66 (full 0):
 garbage-first heap   total 261120K, used 155123K [0x0000000080000000, 0x0000000100000000)
  region size 1024K, 12 young (12288K), 3 survivors (3072K)
 Metaspace       used 140327K, committed 141376K, reserved 1179648K
  class space    used 18971K, committed 19520K, reserved 1048576K
}
Event: 298.917 GC heap after
{Heap after GC invocations=67 (full 0):
 garbage-first heap   total 261120K, used 137880K [0x0000000080000000, 0x0000000100000000)
  region size 1024K, 1 young (1024K), 1 survivors (1024K)
 Metaspace       used 140327K, committed 141376K, reserved 1179648K
  class space    used 18971K, committed 19520K, reserved 1048576K
}
Event: 299.376 GC heap before
{Heap before GC invocations=67 (full 0):
 garbage-first heap   total 261120K, used 215704K [0x0000000080000000, 0x0000000100000000)
  region size 1024K, 77 young (78848K), 1 survivors (1024K)
 Metaspace       used 140334K, committed 141376K, reserved 1179648K
  class space    used 18971K, committed 19520K, reserved 1048576K
}
Event: 299.381 GC heap after
{Heap after GC invocations=68 (full 0):
 garbage-first heap   total 261120K, used 138368K [0x0000000080000000, 0x0000000100000000)
  region size 1024K, 2 young (2048K), 2 survivors (2048K)
 Metaspace       used 140334K, committed 141376K, reserved 1179648K
  class space    used 18971K, committed 19520K, reserved 1048576K
}
Event: 300.196 GC heap before
{Heap before GC invocations=69 (full 0):
 garbage-first heap   total 291840K, used 217216K [0x0000000080000000, 0x0000000100000000)
  region size 1024K, 80 young (81920K), 2 survivors (2048K)
 Metaspace       used 140352K, committed 141504K, reserved 1179648K
  class space    used 18971K, committed 19520K, reserved 1048576K
}
Event: 300.202 GC heap after
{Heap after GC invocations=70 (full 0):
 garbage-first heap   total 291840K, used 139843K [0x0000000080000000, 0x0000000100000000)
  region size 1024K, 3 young (3072K), 3 survivors (3072K)
 Metaspace       used 140352K, committed 141504K, reserved 1179648K
  class space    used 18971K, committed 19520K, reserved 1048576K
}
Event: 300.287 GC heap before
{Heap before GC invocations=70 (full 0):
 garbage-first heap   total 291840K, used 150083K [0x0000000080000000, 0x0000000100000000)
  region size 1024K, 14 young (14336K), 3 survivors (3072K)
 Metaspace       used 140364K, committed 141504K, reserved 1179648K
  class space    used 18971K, committed 19520K, reserved 1048576K
}
Event: 300.304 GC heap after
{Heap after GC invocations=71 (full 0):
 garbage-first heap   total 291840K, used 138342K [0x0000000080000000, 0x0000000100000000)
  region size 1024K, 2 young (2048K), 2 survivors (2048K)
 Metaspace       used 140364K, committed 141504K, reserved 1179648K
  class space    used 18971K, committed 19520K, reserved 1048576K
}
Event: 300.880 GC heap before
{Heap before GC invocations=71 (full 0):
 garbage-first heap   total 291840K, used 181350K [0x0000000080000000, 0x0000000100000000)
  region size 1024K, 46 young (47104K), 2 survivors (2048K)
 Metaspace       used 140461K, committed 141568K, reserved 1179648K
  class space    used 18973K, committed 19520K, reserved 1048576K
}

