# JRE version: OpenJDK Runtime Environment (17.0.11) (build 17.0.11+0--11852314)
# Java VM: OpenJDK 64-Bit Server VM (17.0.11+0--11852314, mixed mode, tiered, compressed oops, compressed class ptrs, g1 gc, windows-amd64)
GC Precious Log:
 CPUs: 4 total, 4 available
 Memory: 8072M
 Large Page Support: Disabled
 NUMA Support: Disabled
 Compressed Oops: Enabled (32-bit)
 Heap Region Size: 1M
 Heap Min Capacity: 8M
 Heap Initial Capacity: 128M
 Heap Max Capacity: 2020M
 Pre-touch: Disabled
 Parallel Workers: 4
 Concurrent Workers: 1
 Concurrent Refinement Workers: 4
 Periodic GC: Disabled
Heap:
 garbage-first heap   total 121856K, used 94208K [0x0000000081c00000, 0x0000000100000000)
  region size 1024K, 34 young (34816K), 1 survivors (1024K)
 Metaspace       used 59634K, committed 59904K, reserved 1114112K
  class space    used 6664K, committed 6784K, reserved 1048576K
GC Heap History (20 events):
Event: 9.304 GC heap before
{Heap before GC invocations=19 (full 0):
 garbage-first heap   total 101376K, used 79123K [0x0000000081c00000, 0x0000000100000000)
  region size 1024K, 37 young (37888K), 6 survivors (6144K)
 Metaspace       used 57111K, committed 57280K, reserved 1114112K
  class space    used 6657K, committed 6720K, reserved 1048576K
}
Event: 9.321 GC heap after
{Heap after GC invocations=20 (full 0):
 garbage-first heap   total 101376K, used 52216K [0x0000000081c00000, 0x0000000100000000)
  region size 1024K, 5 young (5120K), 5 survivors (5120K)
 Metaspace       used 57111K, committed 57280K, reserved 1114112K
  class space    used 6657K, committed 6720K, reserved 1048576K
}
Event: 10.489 GC heap before
{Heap before GC invocations=20 (full 0):
 garbage-first heap   total 101376K, used 79864K [0x0000000081c00000, 0x0000000100000000)
  region size 1024K, 32 young (32768K), 5 survivors (5120K)
 Metaspace       used 57983K, committed 58176K, reserved 1114112K
  class space    used 6657K, committed 6720K, reserved 1048576K
}
Event: 10.501 GC heap after
{Heap after GC invocations=21 (full 0):
 garbage-first heap   total 121856K, used 53689K [0x0000000081c00000, 0x0000000100000000)
  region size 1024K, 2 young (2048K), 2 survivors (2048K)
 Metaspace       used 57983K, committed 58176K, reserved 1114112K
  class space    used 6657K, committed 6720K, reserved 1048576K
}
Event: 13.929 GC heap before
{Heap before GC invocations=22 (full 0):
 garbage-first heap   total 121856K, used 95673K [0x0000000081c00000, 0x0000000100000000)
  region size 1024K, 43 young (44032K), 2 survivors (2048K)
 Metaspace       used 58795K, committed 59072K, reserved 1114112K
  class space    used 6663K, committed 6784K, reserved 1048576K
}
Event: 13.941 GC heap after
{Heap after GC invocations=23 (full 0):
 garbage-first heap   total 121856K, used 55655K [0x0000000081c00000, 0x0000000100000000)
  region size 1024K, 4 young (4096K), 4 survivors (4096K)
 Metaspace       used 58795K, committed 59072K, reserved 1114112K
  class space    used 6663K, committed 6784K, reserved 1048576K
}
Event: 13.992 GC heap before
{Heap before GC invocations=23 (full 0):
 garbage-first heap   total 121856K, used 56679K [0x0000000081c00000, 0x0000000100000000)
  region size 1024K, 5 young (5120K), 4 survivors (4096K)
 Metaspace       used 58796K, committed 59072K, reserved 1114112K
  class space    used 6663K, committed 6784K, reserved 1048576K
}
Event: 14.002 GC heap after
{Heap after GC invocations=24 (full 0):
 garbage-first heap   total 121856K, used 55117K [0x0000000081c00000, 0x0000000100000000)
  region size 1024K, 1 young (1024K), 1 survivors (1024K)
 Metaspace       used 58796K, committed 59072K, reserved 1114112K
  class space    used 6663K, committed 6784K, reserved 1048576K
}
Event: 15.327 GC heap before
{Heap before GC invocations=24 (full 0):
 garbage-first heap   total 121856K, used 96077K [0x0000000081c00000, 0x0000000100000000)
  region size 1024K, 41 young (41984K), 1 survivors (1024K)
 Metaspace       used 59142K, committed 59392K, reserved 1114112K
  class space    used 6663K, committed 6784K, reserved 1048576K
}
Event: 15.332 GC heap after
{Heap after GC invocations=25 (full 0):
 garbage-first heap   total 121856K, used 56625K [0x0000000081c00000, 0x0000000100000000)
  region size 1024K, 2 young (2048K), 2 survivors (2048K)
 Metaspace       used 59142K, committed 59392K, reserved 1114112K
  class space    used 6663K, committed 6784K, reserved 1048576K
}
Event: 16.502 GC heap before
{Heap before GC invocations=26 (full 0):
 garbage-first heap   total 121856K, used 98609K [0x0000000081c00000, 0x0000000100000000)
  region size 1024K, 43 young (44032K), 2 survivors (2048K)
 Metaspace       used 59255K, committed 59456K, reserved 1114112K
  class space    used 6664K, committed 6784K, reserved 1048576K
}
Event: 16.510 GC heap after
{Heap after GC invocations=27 (full 0):
 garbage-first heap   total 121856K, used 57518K [0x0000000081c00000, 0x0000000100000000)
  region size 1024K, 3 young (3072K), 3 survivors (3072K)
 Metaspace       used 59255K, committed 59456K, reserved 1114112K
  class space    used 6664K, committed 6784K, reserved 1048576K
}
Event: 16.565 GC heap before
{Heap before GC invocations=27 (full 0):
 garbage-first heap   total 121856K, used 59566K [0x0000000081c00000, 0x0000000100000000)
  region size 1024K, 5 young (5120K), 3 survivors (3072K)
 Metaspace       used 59262K, committed 59456K, reserved 1114112K
  class space    used 6664K, committed 6784K, reserved 1048576K
}
Event: 16.574 GC heap after
{Heap after GC invocations=28 (full 0):
 garbage-first heap   total 121856K, used 57338K [0x0000000081c00000, 0x0000000100000000)
  region size 1024K, 1 young (1024K), 1 survivors (1024K)
 Metaspace       used 59262K, committed 59456K, reserved 1114112K
  class space    used 6664K, committed 6784K, reserved 1048576K
}
Event: 18.099 GC heap before
{Heap before GC invocations=28 (full 0):
 garbage-first heap   total 121856K, used 99322K [0x0000000081c00000, 0x0000000100000000)
  region size 1024K, 42 young (43008K), 1 survivors (1024K)
 Metaspace       used 59390K, committed 59648K, reserved 1114112K
  class space    used 6664K, committed 6784K, reserved 1048576K
}
Event: 18.106 GC heap after
{Heap after GC invocations=29 (full 0):
 garbage-first heap   total 121856K, used 58905K [0x0000000081c00000, 0x0000000100000000)
  region size 1024K, 2 young (2048K), 2 survivors (2048K)
 Metaspace       used 59390K, committed 59648K, reserved 1114112K
  class space    used 6664K, committed 6784K, reserved 1048576K
}
Event: 19.110 GC heap before
{Heap before GC invocations=30 (full 0):
 garbage-first heap   total 121856K, used 100889K [0x0000000081c00000, 0x0000000100000000)
  region size 1024K, 43 young (44032K), 2 survivors (2048K)
 Metaspace       used 59586K, committed 59904K, reserved 1114112K
  class space    used 6664K, committed 6784K, reserved 1048576K
}
Event: 19.119 GC heap after
{Heap after GC invocations=31 (full 0):
 garbage-first heap   total 121856K, used 59819K [0x0000000081c00000, 0x0000000100000000)
  region size 1024K, 3 young (3072K), 3 survivors (3072K)
 Metaspace       used 59586K, committed 59904K, reserved 1114112K
  class space    used 6664K, committed 6784K, reserved 1048576K
}
Event: 19.153 GC heap before
{Heap before GC invocations=31 (full 0):
 garbage-first heap   total 121856K, used 63915K [0x0000000081c00000, 0x0000000100000000)
  region size 1024K, 5 young (5120K), 3 survivors (3072K)
 Metaspace       used 59592K, committed 59904K, reserved 1114112K
  class space    used 6664K, committed 6784K, reserved 1048576K
}
Event: 19.161 GC heap after
{Heap after GC invocations=32 (full 0):
 garbage-first heap   total 121856K, used 61440K [0x0000000081c00000, 0x0000000100000000)
  region size 1024K, 1 young (1024K), 1 survivors (1024K)
 Metaspace       used 59592K, committed 59904K, reserved 1114112K
  class space    used 6664K, committed 6784K, reserved 1048576K
}

